This is pdfTeX, Version 3.141592653-2.6-1.40.25 (TeX Live 2023) (preloaded format=pdflatex 2023.11.10)  7 JAN 2024 22:19
entering extended mode
 restricted \write18 enabled.
 file:line:error style messages enabled.
 %&-line parsing enabled.
**/home/_alk/Documentos/uni/PD/docs/latex/haskell/main.tex
(/home/_alk/Documentos/uni/PD/docs/latex/haskell/main.tex
LaTeX2e <2023-11-01>
L3 programming layer <2023-11-01>
(/opt/texlive/2023/texmf-dist/tex/latex/base/book.cls
Document Class: book 2023/05/17 v1.4n Standard LaTeX document class
(/opt/texlive/2023/texmf-dist/tex/latex/base/bk10.clo
File: bk10.clo 2023/05/17 v1.4n Standard LaTeX file (size option)
)
\c@part=\count186
\c@chapter=\count187
\c@section=\count188
\c@subsection=\count189
\c@subsubsection=\count190
\c@paragraph=\count191
\c@subparagraph=\count192
\c@figure=\count193
\c@table=\count194
\abovecaptionskip=\skip48
\belowcaptionskip=\skip49
\bibindent=\dimen140
) (./haddock.sty (/opt/texlive/2023/texmf-dist/tex/latex/tabulary/tabulary.sty
Package: tabulary 2014/06/11 v0.10 tabulary package (DPC)
 (/opt/texlive/2023/texmf-dist/tex/latex/tools/array.sty
Package: array 2023/10/16 v2.5g Tabular extension package (FMi)
\col@sep=\dimen141
\ar@mcellbox=\box51
\extrarowheight=\dimen142
\NC@list=\toks17
\extratabsurround=\skip50
\backup@length=\skip51
\ar@cellbox=\box52
)
\TY@count=\count195
\TY@linewidth=\dimen143
\tymin=\dimen144
\tymax=\dimen145
\TY@tablewidth=\dimen146
) (/opt/texlive/2023/texmf-dist/tex/latex/hyperref/hyperref.sty
Package: hyperref 2023-11-07 v7.01e Hypertext links for LaTeX
 (/opt/texlive/2023/texmf-dist/tex/generic/ltxcmds/ltxcmds.sty
Package: ltxcmds 2020-05-10 v1.25 LaTeX kernel commands for general use (HO)
) (/opt/texlive/2023/texmf-dist/tex/generic/iftex/iftex.sty
Package: iftex 2022/02/03 v1.0f TeX engine tests
) (/opt/texlive/2023/texmf-dist/tex/generic/pdftexcmds/pdftexcmds.sty
Package: pdftexcmds 2020-06-27 v0.33 Utility functions of pdfTeX for LuaTeX (HO)
 (/opt/texlive/2023/texmf-dist/tex/generic/infwarerr/infwarerr.sty
Package: infwarerr 2019/12/03 v1.5 Providing info/warning/error messages (HO)
)
Package pdftexcmds Info: \pdf@primitive is available.
Package pdftexcmds Info: \pdf@ifprimitive is available.
Package pdftexcmds Info: \pdfdraftmode found.
) (/opt/texlive/2023/texmf-dist/tex/latex/graphics/keyval.sty
Package: keyval 2022/05/29 v1.15 key=value parser (DPC)
\KV@toks@=\toks18
) (/opt/texlive/2023/texmf-dist/tex/latex/kvsetkeys/kvsetkeys.sty
Package: kvsetkeys 2022-10-05 v1.19 Key value parser (HO)
) (/opt/texlive/2023/texmf-dist/tex/generic/kvdefinekeys/kvdefinekeys.sty
Package: kvdefinekeys 2019-12-19 v1.6 Define keys (HO)
) (/opt/texlive/2023/texmf-dist/tex/generic/pdfescape/pdfescape.sty
Package: pdfescape 2019/12/09 v1.15 Implements pdfTeX's escape features (HO)
) (/opt/texlive/2023/texmf-dist/tex/latex/hycolor/hycolor.sty
Package: hycolor 2020-01-27 v1.10 Color options for hyperref/bookmark (HO)
) (/opt/texlive/2023/texmf-dist/tex/latex/letltxmacro/letltxmacro.sty
Package: letltxmacro 2019/12/03 v1.6 Let assignment for LaTeX macros (HO)
) (/opt/texlive/2023/texmf-dist/tex/latex/auxhook/auxhook.sty
Package: auxhook 2019-12-17 v1.6 Hooks for auxiliary files (HO)
) (/opt/texlive/2023/texmf-dist/tex/latex/hyperref/nameref.sty
Package: nameref 2023-10-05 v2.54 Cross-referencing by name of section
 (/opt/texlive/2023/texmf-dist/tex/latex/refcount/refcount.sty
Package: refcount 2019/12/15 v3.6 Data extraction from label references (HO)
) (/opt/texlive/2023/texmf-dist/tex/generic/gettitlestring/gettitlestring.sty
Package: gettitlestring 2019/12/15 v1.6 Cleanup title references (HO)
 (/opt/texlive/2023/texmf-dist/tex/latex/kvoptions/kvoptions.sty
Package: kvoptions 2022-06-15 v3.15 Key value format for package options (HO)
))
\c@section@level=\count196
) (/opt/texlive/2023/texmf-dist/tex/latex/etoolbox/etoolbox.sty
Package: etoolbox 2020/10/05 v2.5k e-TeX tools for LaTeX (JAW)
\etb@tempcnta=\count197
)
\@linkdim=\dimen147
\Hy@linkcounter=\count198
\Hy@pagecounter=\count199
 (/opt/texlive/2023/texmf-dist/tex/latex/hyperref/pd1enc.def
File: pd1enc.def 2023-11-07 v7.01e Hyperref: PDFDocEncoding definition (HO)
Now handling font encoding PD1 ...
... no UTF-8 mapping file for font encoding PD1
) (/opt/texlive/2023/texmf-dist/tex/generic/intcalc/intcalc.sty
Package: intcalc 2019/12/15 v1.3 Expandable calculations with integers (HO)
)
\Hy@SavedSpaceFactor=\count266
 (/opt/texlive/2023/texmf-dist/tex/latex/hyperref/puenc.def
File: puenc.def 2023-11-07 v7.01e Hyperref: PDF Unicode definition (HO)
Now handling font encoding PU ...
... no UTF-8 mapping file for font encoding PU
)
Package hyperref Info: Option `bookmarks' set `true' on input line 4054.
Package hyperref Info: Hyper figures OFF on input line 4171.
Package hyperref Info: Link nesting OFF on input line 4176.
Package hyperref Info: Hyper index ON on input line 4179.
Package hyperref Info: Plain pages OFF on input line 4186.
Package hyperref Info: Backreferencing OFF on input line 4191.
Package hyperref Info: Implicit mode ON; LaTeX internals redefined.
Package hyperref Info: Bookmarks ON on input line 4438.
\c@Hy@tempcnt=\count267
 (/opt/texlive/2023/texmf-dist/tex/latex/url/url.sty
\Urlmuskip=\muskip16
Package: url 2013/09/16  ver 3.4  Verb mode for urls, etc.
)
LaTeX Info: Redefining \url on input line 4776.
\XeTeXLinkMargin=\dimen148
 (/opt/texlive/2023/texmf-dist/tex/generic/bitset/bitset.sty
Package: bitset 2019/12/09 v1.3 Handle bit-vector datatype (HO)
 (/opt/texlive/2023/texmf-dist/tex/generic/bigintcalc/bigintcalc.sty
Package: bigintcalc 2019/12/15 v1.5 Expandable calculations on big integers (HO)
))
\Fld@menulength=\count268
\Field@Width=\dimen149
\Fld@charsize=\dimen150
Package hyperref Info: Hyper figures OFF on input line 6055.
Package hyperref Info: Link nesting OFF on input line 6060.
Package hyperref Info: Hyper index ON on input line 6063.
Package hyperref Info: backreferencing OFF on input line 6070.
Package hyperref Info: Link coloring OFF on input line 6075.
Package hyperref Info: Link coloring with OCG OFF on input line 6080.
Package hyperref Info: PDF/A mode OFF on input line 6085.
 (/opt/texlive/2023/texmf-dist/tex/latex/base/atbegshi-ltx.sty
Package: atbegshi-ltx 2021/01/10 v1.0c Emulation of the original atbegshi
package with kernel methods
)
\Hy@abspage=\count269
\c@Item=\count270
\c@Hfootnote=\count271
)
Package hyperref Info: Driver: hpdftex.
 (/opt/texlive/2023/texmf-dist/tex/latex/hyperref/hpdftex.def
File: hpdftex.def 2023-11-07 v7.01e Hyperref driver for pdfTeX
 (/opt/texlive/2023/texmf-dist/tex/latex/base/atveryend-ltx.sty
Package: atveryend-ltx 2020/08/19 v1.0a Emulation of the original atveryend package
with kernel methods
)
\Fld@listcount=\count272
\c@bookmark@seq@number=\count273
 (/opt/texlive/2023/texmf-dist/tex/latex/rerunfilecheck/rerunfilecheck.sty
Package: rerunfilecheck 2022-07-10 v1.10 Rerun checks for auxiliary files (HO)
 (/opt/texlive/2023/texmf-dist/tex/generic/uniquecounter/uniquecounter.sty
Package: uniquecounter 2019/12/15 v1.4 Provide unlimited unique counter (HO)
)
Package uniquecounter Info: New unique counter `rerunfilecheck' on input line 285.
)
\Hy@SectionHShift=\skip52
)) (/opt/texlive/2023/texmf-dist/tex/latex/l3backend/l3backend-pdftex.def
File: l3backend-pdftex.def 2023-11-04 L3 backend support: PDF output (pdfTeX)
\l__color_backend_stack_int=\count274
\l__pdf_internal_box=\box53
) (./main.aux)
\openout1 = `main.aux'.

LaTeX Font Info:    Checking defaults for OML/cmm/m/it on input line 3.
LaTeX Font Info:    ... okay on input line 3.
LaTeX Font Info:    Checking defaults for OMS/cmsy/m/n on input line 3.
LaTeX Font Info:    ... okay on input line 3.
LaTeX Font Info:    Checking defaults for OT1/cmr/m/n on input line 3.
LaTeX Font Info:    ... okay on input line 3.
LaTeX Font Info:    Checking defaults for T1/cmr/m/n on input line 3.
LaTeX Font Info:    ... okay on input line 3.
LaTeX Font Info:    Checking defaults for TS1/cmr/m/n on input line 3.
LaTeX Font Info:    ... okay on input line 3.
LaTeX Font Info:    Checking defaults for OMX/cmex/m/n on input line 3.
LaTeX Font Info:    ... okay on input line 3.
LaTeX Font Info:    Checking defaults for U/cmr/m/n on input line 3.
LaTeX Font Info:    ... okay on input line 3.
LaTeX Font Info:    Checking defaults for PD1/pdf/m/n on input line 3.
LaTeX Font Info:    ... okay on input line 3.
LaTeX Font Info:    Checking defaults for PU/pdf/m/n on input line 3.
LaTeX Font Info:    ... okay on input line 3.
Package hyperref Info: Link coloring OFF on input line 3.
\@outlinefile=\write3
\openout3 = `main.out'.

 [1


{/opt/texlive/2023/texmf-var/fonts/map/pdftex/updmap/pdftex.map}] [2

]
No file main.toc.
\tf@toc=\write4
\openout4 = `main.toc'.

(./FormulasProposicionales.tex [3] [4

]
Chapter 1.
LaTeX Font Info:    Font shape `OT1/cmtt/bx/n' in size <24.88> not available
(Font)              Font shape `OT1/cmtt/m/n' tried instead on input line 1.

Overfull \hbox (32.9956pt too wide) in paragraph at lines 9--9
[]    \OT1/cmtt/m/n/9 Prop, Formula, Clausula, fncAlista, clausulaLista, formulaAfnc, listaAtupla,[] 
 []


Overfull \hbox (14.09583pt too wide) in paragraph at lines 9--9
[]    \OT1/cmtt/m/n/9 esPositivo, esClausula, borrarLista, indice, esClausulaHorn, resolvente,[] 
 []


Overfull \hbox (4.64594pt too wide) in paragraph at lines 9--9
[]    \OT1/cmtt/m/n/9 deMorgan, distributiva, resolucion, getFormula, getInt, menu, demoMode[] 
 []

LaTeX Font Info:    Font shape `OT1/cmtt/bx/n' in size <9> not available
(Font)              Font shape `OT1/cmtt/m/n' tried instead on input line 17.
LaTeX Font Info:    External font `cmex10' loaded for size
(Font)              <9> on input line 17.
LaTeX Font Info:    External font `cmex10' loaded for size
(Font)              <6> on input line 17.
LaTeX Font Info:    External font `cmex10' loaded for size
(Font)              <5> on input line 17.
[5]
Overfull \hbox (13.8464pt too wide) in paragraph at lines 99--99
 []\OT1/cmtt/m/n/9 >>> formulaAfnc (And (Not (And (Atom "A") (Atom "B"))) (Atom "C"))[] 
 []

[6] [7]
Overfull \hbox (56.37091pt too wide) in paragraph at lines 178--178
 []\OT1/cmtt/m/n/9 >>> borrarLista [[Neg "Q", Neg "S"], [Pos "S", Neg "Q"]] [Pos "S", Neg "Q"][] 
 []


Overfull \hbox (42.19608pt too wide) in paragraph at lines 194--194
 []\OT1/cmtt/m/n/9 >>> indice [[Neg "Q", Neg "S"], [Pos "S", Neg "Q"]] [Pos "S", Neg "Q"] 0[] 
 []

[8]
Overfull \hbox (382.39212pt too wide) in paragraph at lines 241--241
 []\OT1/cmtt/m/n/9 >>> resolvente (clausulaLista (Or (Atom "P") (Or (Not (Atom "Q")) (Atom "R")))) (clausulaLista (Or (Atom "P") (Or (Not (Atom "R")) (Atom "S"))))[] 
 []


Overfull \hbox (32.74619pt too wide) in paragraph at lines 278--278
 []\OT1/cmtt/m/n/9 >>> deMorgan (Not (And ((Not (Or (Atom "A") (Atom "B")))) (Atom "B")))[] 
 []


Overfull \hbox (13.8464pt too wide) in paragraph at lines 301--301
 []\OT1/cmtt/m/n/9 >>> distributiva (Not (Or (And (Atom "A") (Atom "B")) (Atom "C")))[] 
 []

[9]) (./Interprete.tex [10]
Chapter 2.

Overfull \hbox (23.54572pt too wide) in paragraph at lines 13--13
[]    \OT1/cmtt/m/n/9 Comparator(LEQ, GEQ, Less, Greater, Not, And, Or, Eq), Operation(V, I, O),[] 
 []


Overfull \hbox (28.27066pt too wide) in paragraph at lines 13--13
[]    \OT1/cmtt/m/n/9 Instruction(W, A), Comp(Void, CC, CB, CO), isVal, getVal, setVal, resolver,[] 
 []


Overfull \hbox (23.54572pt too wide) in paragraph at lines 13--13
[]    \OT1/cmtt/m/n/9 calc, calcular, ejecutarAux, ejecutar, ejecuta, ejecutarAuxIO, ejecutarIO,[] 
 []


Underfull \hbox (badness 10000) in paragraph at lines 36--37

 []

[11

]
Underfull \hbox (badness 10000) in paragraph at lines 58--59

 []


Package tabulary Warning: No suitable columns! on input line 74.

LaTeX Font Info:    External font `cmex10' loaded for size
(Font)              <7> on input line 74.

Overfull \hbox (6.0pt too wide) in paragraph at lines 74--74
[]| 
 []


Overfull \hbox (6.0pt too wide) in paragraph at lines 74--74
[]| 
 []


Overfull \hbox (6.0pt too wide) in paragraph at lines 74--74
[]| 
 []


Overfull \hbox (6.0pt too wide) in paragraph at lines 74--74
[]| 
 []


Package tabulary Warning: No suitable columns! on input line 97.


Overfull \hbox (6.0pt too wide) in paragraph at lines 97--97
[]| 
 []


Overfull \hbox (6.0pt too wide) in paragraph at lines 97--97
[]| 
 []


Overfull \hbox (6.0pt too wide) in paragraph at lines 97--97
[]| 
 []


Overfull \hbox (6.0pt too wide) in paragraph at lines 97--97
[]| 
 []


Overfull \hbox (6.0pt too wide) in paragraph at lines 97--97
[]| 
 []


Overfull \hbox (6.0pt too wide) in paragraph at lines 97--97
[]| 
 []


Overfull \hbox (6.0pt too wide) in paragraph at lines 97--97
[]| 
 []


Overfull \hbox (6.0pt too wide) in paragraph at lines 97--97
[]| 
 []

[12] [13] [14]
Underfull \hbox (badness 10000) in paragraph at lines 222--223

 []

[15] [16]
Underfull \hbox (badness 10000) in paragraph at lines 359--360

 []

[17]
Underfull \hbox (badness 10000) in paragraph at lines 398--399

 []

[18]
Underfull \hbox (badness 10000) in paragraph at lines 469--470

 []

[19]
Underfull \hbox (badness 10000) in paragraph at lines 477--478

 []


Underfull \hbox (badness 10000) in paragraph at lines 485--486

 []

) (./Labo1.tex [20]
Chapter 3.

Overfull \hbox (28.27066pt too wide) in paragraph at lines 9--9
[]    \OT1/cmtt/m/n/9 time, yearsSeg, daysSeg, hoursSeg, minsSeg, years, days, hours, mins, segs,[] 
 []


Overfull \hbox (18.82077pt too wide) in paragraph at lines 9--9
[]    \OT1/cmtt/m/n/9 sol1a, sol1b, sol2A, sol2B, sol3, calculoDigitos, sumaDigitos, reduccion,[] 
 []

[21

]
Underfull \hbox (badness 10000) in paragraph at lines 96--97

 []


Underfull \hbox (badness 10000) in paragraph at lines 114--115

 []

[22]
Underfull \hbox (badness 10000) in paragraph at lines 138--139

 []

[23]
Underfull \hbox (badness 10000) in paragraph at lines 162--163

 []


Underfull \hbox (badness 10000) in paragraph at lines 180--181

 []

[24]
Underfull \hbox (badness 10000) in paragraph at lines 203--204

 []


Underfull \hbox (badness 10000) in paragraph at lines 226--227

 []

[25]) (./Labo2.tex [26]
Chapter 4.

Overfull \hbox (23.54572pt too wide) in paragraph at lines 8--8
[]    \OT1/cmtt/m/n/9 cuadrados, cuadradoInverso, rsumcos, sumMenores, siguientePrimo, factores,[] 
 []


Underfull \hbox (badness 10000) in paragraph at lines 17--18

 []


Underfull \hbox (badness 10000) in paragraph at lines 34--35

 []

[27

]
Underfull \hbox (badness 10000) in paragraph at lines 51--52

 []


Underfull \hbox (badness 10000) in paragraph at lines 68--69

 []

[28]
Underfull \hbox (badness 10000) in paragraph at lines 85--86

 []


Underfull \hbox (badness 10000) in paragraph at lines 102--103

 []


Underfull \hbox (badness 10000) in paragraph at lines 118--119

 []

[29]
Underfull \hbox (badness 10000) in paragraph at lines 144--145

 []


Underfull \hbox (badness 10000) in paragraph at lines 168--169

 []

[30]
Underfull \hbox (badness 10000) in paragraph at lines 185--186

 []


Underfull \hbox (badness 10000) in paragraph at lines 202--203

 []

[31]
Underfull \hbox (badness 10000) in paragraph at lines 227--228

 []


Underfull \hbox (badness 10000) in paragraph at lines 244--245

 []

[32]
Underfull \hbox (badness 10000) in paragraph at lines 261--262

 []

) (./Labo2_2022.tex [33] [34

]
Chapter 5.

Package hyperref Warning: Token not allowed in a PDF string (Unicode):
(hyperref)                removing `subscript' on input line 1.

./Labo2_2022.tex:1: Missing $ inserted.
<inserted text> 
                $
l.1 \haddockmoduleheading{Labo2_2022}
                                     
I've inserted a begin-math/end-math symbol since I think
you left one out. Proceed, with fingers crossed.

LaTeX Font Info:    External font `cmex10' loaded for size
(Font)              <24.88> on input line 1.
LaTeX Font Info:    External font `cmex10' loaded for size
(Font)              <20.74> on input line 1.
LaTeX Font Info:    External font `cmex10' loaded for size
(Font)              <17.28> on input line 1.
./Labo2_2022.tex:1: Extra }, or forgotten $.
<recently read> \egroup 
                        
l.1 \haddockmoduleheading{Labo2_2022}
                                     
I've deleted a group-closing symbol because it seems to be
spurious, as in `$x}$'. But perhaps the } is legitimate and
you forgot something else, as in `\hbox{$x}'. In such cases
the way to recover is to insert both the forgotten and the
deleted material, e.g., by typing `I$}'.

./Labo2_2022.tex:1: Missing $ inserted.
<inserted text> 
                $
l.1 \haddockmoduleheading{Labo2_2022}
                                     
I've inserted a begin-math/end-math symbol since I think
you left one out. Proceed, with fingers crossed.


Overfull \hbox (9.37088pt too wide) in paragraph at lines 9--9
[]    \OT1/cmtt/m/n/9 primerPrimoMayor, isPrime, iguales, menorA, menor, mayorA, pt, filter2,[] 
 []

[35]
Underfull \vbox (badness 10000) has occurred while \output is active []


./Labo2_2022.tex:38: Missing $ inserted.
<inserted text> 
                $
l.38 \subsection
                *{Ejemplos}
I've inserted a begin-math/end-math symbol since I think
you left one out. Proceed, with fingers crossed.

./Labo2_2022.tex:38: Extra }, or forgotten $.
<recently read> \egroup 
                        
l.38 \subsection
                *{Ejemplos}
I've deleted a group-closing symbol because it seems to be
spurious, as in `$x}$'. But perhaps the } is legitimate and
you forgot something else, as in `\hbox{$x}'. In such cases
the way to recover is to insert both the forgotten and the
deleted material, e.g., by typing `I$}'.

./Labo2_2022.tex:38: Extra }, or forgotten $.
\MakeUppercase    ...ext@case@aux {upper}{#1}{#2}}
                                                  
l.38 \subsection
                *{Ejemplos}
I've deleted a group-closing symbol because it seems to be
spurious, as in `$x}$'. But perhaps the } is legitimate and
you forgot something else, as in `\hbox{$x}'. In such cases
the way to recover is to insert both the forgotten and the
deleted material, e.g., by typing `I$}'.

./Labo2_2022.tex:38: Extra }, or forgotten $.
\@outputpage ...or \hb@xt@ \textwidth {\@thehead }
                                                  \color@endbox }\dp \@tempb...
l.38 \subsection
                *{Ejemplos}
I've deleted a group-closing symbol because it seems to be
spurious, as in `$x}$'. But perhaps the } is legitimate and
you forgot something else, as in `\hbox{$x}'. In such cases
the way to recover is to insert both the forgotten and the
deleted material, e.g., by typing `I$}'.

./Labo2_2022.tex:38: Missing $ inserted.
<inserted text> 
                $
l.38 \subsection
                *{Ejemplos}
I've inserted a begin-math/end-math symbol since I think
you left one out. Proceed, with fingers crossed.

./Labo2_2022.tex:38: Missing } inserted.
<inserted text> 
                }
l.38 \subsection
                *{Ejemplos}
I've inserted something that you may have forgotten.
(See the <inserted text> above.)
With luck, this will get me unwedged. But if you
really didn't forget anything, try typing `2' now; then
my insertion and my current dilemma will both disappear.

./Labo2_2022.tex:38: Missing } inserted.
<inserted text> 
                }
l.38 \subsection
                *{Ejemplos}
I've inserted something that you may have forgotten.
(See the <inserted text> above.)
With luck, this will get me unwedged. But if you
really didn't forget anything, try typing `2' now; then
my insertion and my current dilemma will both disappear.

./Labo2_2022.tex:38: Missing } inserted.
<inserted text> 
                }
l.38 \subsection
                *{Ejemplos}
I've inserted something that you may have forgotten.
(See the <inserted text> above.)
With luck, this will get me unwedged. But if you
really didn't forget anything, try typing `2' now; then
my insertion and my current dilemma will both disappear.

[36]
Underfull \vbox (badness 2213) has occurred while \output is active []

 [37]
./Labo2_2022.tex:79: Missing $ inserted.
<inserted text> 
                $
l.79 \end{quote}
                }
I've inserted a begin-math/end-math symbol since I think
you left one out. Proceed, with fingers crossed.

./Labo2_2022.tex:79: Extra }, or forgotten $.
<recently read> \egroup 
                        
l.79 \end{quote}
                }
I've deleted a group-closing symbol because it seems to be
spurious, as in `$x}$'. But perhaps the } is legitimate and
you forgot something else, as in `\hbox{$x}'. In such cases
the way to recover is to insert both the forgotten and the
deleted material, e.g., by typing `I$}'.

./Labo2_2022.tex:79: Extra }, or forgotten $.
\MakeUppercase    ...ext@case@aux {upper}{#1}{#2}}
                                                  
l.79 \end{quote}
                }
I've deleted a group-closing symbol because it seems to be
spurious, as in `$x}$'. But perhaps the } is legitimate and
you forgot something else, as in `\hbox{$x}'. In such cases
the way to recover is to insert both the forgotten and the
deleted material, e.g., by typing `I$}'.

./Labo2_2022.tex:79: Extra }, or forgotten $.
\@outputpage ...or \hb@xt@ \textwidth {\@thehead }
                                                  \color@endbox }\dp \@tempb...
l.79 \end{quote}
                }
I've deleted a group-closing symbol because it seems to be
spurious, as in `$x}$'. But perhaps the } is legitimate and
you forgot something else, as in `\hbox{$x}'. In such cases
the way to recover is to insert both the forgotten and the
deleted material, e.g., by typing `I$}'.

./Labo2_2022.tex:79: Missing $ inserted.
<inserted text> 
                $
l.79 \end{quote}
                }
I've inserted a begin-math/end-math symbol since I think
you left one out. Proceed, with fingers crossed.

./Labo2_2022.tex:79: Missing } inserted.
<inserted text> 
                }
l.79 \end{quote}
                }
I've inserted something that you may have forgotten.
(See the <inserted text> above.)
With luck, this will get me unwedged. But if you
really didn't forget anything, try typing `2' now; then
my insertion and my current dilemma will both disappear.

./Labo2_2022.tex:79: Missing } inserted.
<inserted text> 
                }
l.79 \end{quote}
                }
I've inserted something that you may have forgotten.
(See the <inserted text> above.)
With luck, this will get me unwedged. But if you
really didn't forget anything, try typing `2' now; then
my insertion and my current dilemma will both disappear.

./Labo2_2022.tex:79: Missing } inserted.
<inserted text> 
                }
l.79 \end{quote}
                }
I've inserted something that you may have forgotten.
(See the <inserted text> above.)
With luck, this will get me unwedged. But if you
really didn't forget anything, try typing `2' now; then
my insertion and my current dilemma will both disappear.

[38] [39]
Underfull \vbox (badness 1983) has occurred while \output is active []


./Labo2_2022.tex:131: Missing $ inserted.
<inserted text> 
                $
l.131 \subsection
                 *{Ejemplos}
I've inserted a begin-math/end-math symbol since I think
you left one out. Proceed, with fingers crossed.

./Labo2_2022.tex:131: Extra }, or forgotten $.
<recently read> \egroup 
                        
l.131 \subsection
                 *{Ejemplos}
I've deleted a group-closing symbol because it seems to be
spurious, as in `$x}$'. But perhaps the } is legitimate and
you forgot something else, as in `\hbox{$x}'. In such cases
the way to recover is to insert both the forgotten and the
deleted material, e.g., by typing `I$}'.

./Labo2_2022.tex:131: Extra }, or forgotten $.
\MakeUppercase    ...ext@case@aux {upper}{#1}{#2}}
                                                  
l.131 \subsection
                 *{Ejemplos}
I've deleted a group-closing symbol because it seems to be
spurious, as in `$x}$'. But perhaps the } is legitimate and
you forgot something else, as in `\hbox{$x}'. In such cases
the way to recover is to insert both the forgotten and the
deleted material, e.g., by typing `I$}'.

./Labo2_2022.tex:131: Extra }, or forgotten $.
\@outputpage ...or \hb@xt@ \textwidth {\@thehead }
                                                  \color@endbox }\dp \@tempb...
l.131 \subsection
                 *{Ejemplos}
I've deleted a group-closing symbol because it seems to be
spurious, as in `$x}$'. But perhaps the } is legitimate and
you forgot something else, as in `\hbox{$x}'. In such cases
the way to recover is to insert both the forgotten and the
deleted material, e.g., by typing `I$}'.

./Labo2_2022.tex:131: Missing $ inserted.
<inserted text> 
                $
l.131 \subsection
                 *{Ejemplos}
I've inserted a begin-math/end-math symbol since I think
you left one out. Proceed, with fingers crossed.

./Labo2_2022.tex:131: Missing } inserted.
<inserted text> 
                }
l.131 \subsection
                 *{Ejemplos}
I've inserted something that you may have forgotten.
(See the <inserted text> above.)
With luck, this will get me unwedged. But if you
really didn't forget anything, try typing `2' now; then
my insertion and my current dilemma will both disappear.

./Labo2_2022.tex:131: Missing } inserted.
<inserted text> 
                }
l.131 \subsection
                 *{Ejemplos}
I've inserted something that you may have forgotten.
(See the <inserted text> above.)
With luck, this will get me unwedged. But if you
really didn't forget anything, try typing `2' now; then
my insertion and my current dilemma will both disappear.

./Labo2_2022.tex:131: Missing } inserted.
<inserted text> 
                }
l.131 \subsection
                 *{Ejemplos}
I've inserted something that you may have forgotten.
(See the <inserted text> above.)
With luck, this will get me unwedged. But if you
really didn't forget anything, try typing `2' now; then
my insertion and my current dilemma will both disappear.

[40] [41]
./Labo2_2022.tex:194: Missing $ inserted.
<inserted text> 
                $
l.194 \section
              *{Descripción}
I've inserted a begin-math/end-math symbol since I think
you left one out. Proceed, with fingers crossed.

./Labo2_2022.tex:194: Extra }, or forgotten $.
<recently read> \egroup 
                        
l.194 \section
              *{Descripción}
I've deleted a group-closing symbol because it seems to be
spurious, as in `$x}$'. But perhaps the } is legitimate and
you forgot something else, as in `\hbox{$x}'. In such cases
the way to recover is to insert both the forgotten and the
deleted material, e.g., by typing `I$}'.

./Labo2_2022.tex:194: Extra }, or forgotten $.
\MakeUppercase    ...ext@case@aux {upper}{#1}{#2}}
                                                  
l.194 \section
              *{Descripción}
I've deleted a group-closing symbol because it seems to be
spurious, as in `$x}$'. But perhaps the } is legitimate and
you forgot something else, as in `\hbox{$x}'. In such cases
the way to recover is to insert both the forgotten and the
deleted material, e.g., by typing `I$}'.

./Labo2_2022.tex:194: Extra }, or forgotten $.
\@outputpage ...or \hb@xt@ \textwidth {\@thehead }
                                                  \color@endbox }\dp \@tempb...
l.194 \section
              *{Descripción}
I've deleted a group-closing symbol because it seems to be
spurious, as in `$x}$'. But perhaps the } is legitimate and
you forgot something else, as in `\hbox{$x}'. In such cases
the way to recover is to insert both the forgotten and the
deleted material, e.g., by typing `I$}'.

./Labo2_2022.tex:194: Missing $ inserted.
<inserted text> 
                $
l.194 \section
              *{Descripción}
I've inserted a begin-math/end-math symbol since I think
you left one out. Proceed, with fingers crossed.

./Labo2_2022.tex:194: Missing } inserted.
<inserted text> 
                }
l.194 \section
              *{Descripción}
I've inserted something that you may have forgotten.
(See the <inserted text> above.)
With luck, this will get me unwedged. But if you
really didn't forget anything, try typing `2' now; then
my insertion and my current dilemma will both disappear.

./Labo2_2022.tex:194: Missing } inserted.
<inserted text> 
                }
l.194 \section
              *{Descripción}
I've inserted something that you may have forgotten.
(See the <inserted text> above.)
With luck, this will get me unwedged. But if you
really didn't forget anything, try typing `2' now; then
my insertion and my current dilemma will both disappear.

./Labo2_2022.tex:194: Missing } inserted.
<inserted text> 
                }
l.194 \section
              *{Descripción}
I've inserted something that you may have forgotten.
(See the <inserted text> above.)
With luck, this will get me unwedged. But if you
really didn't forget anything, try typing `2' now; then
my insertion and my current dilemma will both disappear.

[42] [43]
Underfull \vbox (badness 1178) has occurred while \output is active []


./Labo2_2022.tex:245: Missing $ inserted.
<inserted text> 
                $
l.245 \subsection
                 *{Ejemplos}
I've inserted a begin-math/end-math symbol since I think
you left one out. Proceed, with fingers crossed.

./Labo2_2022.tex:245: Extra }, or forgotten $.
<recently read> \egroup 
                        
l.245 \subsection
                 *{Ejemplos}
I've deleted a group-closing symbol because it seems to be
spurious, as in `$x}$'. But perhaps the } is legitimate and
you forgot something else, as in `\hbox{$x}'. In such cases
the way to recover is to insert both the forgotten and the
deleted material, e.g., by typing `I$}'.

./Labo2_2022.tex:245: Extra }, or forgotten $.
\MakeUppercase    ...ext@case@aux {upper}{#1}{#2}}
                                                  
l.245 \subsection
                 *{Ejemplos}
I've deleted a group-closing symbol because it seems to be
spurious, as in `$x}$'. But perhaps the } is legitimate and
you forgot something else, as in `\hbox{$x}'. In such cases
the way to recover is to insert both the forgotten and the
deleted material, e.g., by typing `I$}'.

./Labo2_2022.tex:245: Extra }, or forgotten $.
\@outputpage ...or \hb@xt@ \textwidth {\@thehead }
                                                  \color@endbox }\dp \@tempb...
l.245 \subsection
                 *{Ejemplos}
I've deleted a group-closing symbol because it seems to be
spurious, as in `$x}$'. But perhaps the } is legitimate and
you forgot something else, as in `\hbox{$x}'. In such cases
the way to recover is to insert both the forgotten and the
deleted material, e.g., by typing `I$}'.

./Labo2_2022.tex:245: Missing $ inserted.
<inserted text> 
                $
l.245 \subsection
                 *{Ejemplos}
I've inserted a begin-math/end-math symbol since I think
you left one out. Proceed, with fingers crossed.

./Labo2_2022.tex:245: Missing } inserted.
<inserted text> 
                }
l.245 \subsection
                 *{Ejemplos}
I've inserted something that you may have forgotten.
(See the <inserted text> above.)
With luck, this will get me unwedged. But if you
really didn't forget anything, try typing `2' now; then
my insertion and my current dilemma will both disappear.

./Labo2_2022.tex:245: Missing } inserted.
<inserted text> 
                }
l.245 \subsection
                 *{Ejemplos}
I've inserted something that you may have forgotten.
(See the <inserted text> above.)
With luck, this will get me unwedged. But if you
really didn't forget anything, try typing `2' now; then
my insertion and my current dilemma will both disappear.

./Labo2_2022.tex:245: Missing } inserted.
<inserted text> 
                }
l.245 \subsection
                 *{Ejemplos}
I've inserted something that you may have forgotten.
(See the <inserted text> above.)
With luck, this will get me unwedged. But if you
really didn't forget anything, try typing `2' now; then
my insertion and my current dilemma will both disappear.

[44]
Underfull \vbox (badness 7851) has occurred while \output is active []

 [45]
Underfull \vbox (badness 7851) has occurred while \output is active []


./Labo2_2022.tex:279: Missing $ inserted.
<inserted text> 
                $
l.279 \subsection
                 *{Ejemplos}
I've inserted a begin-math/end-math symbol since I think
you left one out. Proceed, with fingers crossed.

./Labo2_2022.tex:279: Extra }, or forgotten $.
<recently read> \egroup 
                        
l.279 \subsection
                 *{Ejemplos}
I've deleted a group-closing symbol because it seems to be
spurious, as in `$x}$'. But perhaps the } is legitimate and
you forgot something else, as in `\hbox{$x}'. In such cases
the way to recover is to insert both the forgotten and the
deleted material, e.g., by typing `I$}'.

./Labo2_2022.tex:279: Extra }, or forgotten $.
\MakeUppercase    ...ext@case@aux {upper}{#1}{#2}}
                                                  
l.279 \subsection
                 *{Ejemplos}
I've deleted a group-closing symbol because it seems to be
spurious, as in `$x}$'. But perhaps the } is legitimate and
you forgot something else, as in `\hbox{$x}'. In such cases
the way to recover is to insert both the forgotten and the
deleted material, e.g., by typing `I$}'.

./Labo2_2022.tex:279: Extra }, or forgotten $.
\@outputpage ...or \hb@xt@ \textwidth {\@thehead }
                                                  \color@endbox }\dp \@tempb...
l.279 \subsection
                 *{Ejemplos}
I've deleted a group-closing symbol because it seems to be
spurious, as in `$x}$'. But perhaps the } is legitimate and
you forgot something else, as in `\hbox{$x}'. In such cases
the way to recover is to insert both the forgotten and the
deleted material, e.g., by typing `I$}'.

./Labo2_2022.tex:279: Missing $ inserted.
<inserted text> 
                $
l.279 \subsection
                 *{Ejemplos}
I've inserted a begin-math/end-math symbol since I think
you left one out. Proceed, with fingers crossed.

./Labo2_2022.tex:279: Missing } inserted.
<inserted text> 
                }
l.279 \subsection
                 *{Ejemplos}
I've inserted something that you may have forgotten.
(See the <inserted text> above.)
With luck, this will get me unwedged. But if you
really didn't forget anything, try typing `2' now; then
my insertion and my current dilemma will both disappear.

./Labo2_2022.tex:279: Missing } inserted.
<inserted text> 
                }
l.279 \subsection
                 *{Ejemplos}
I've inserted something that you may have forgotten.
(See the <inserted text> above.)
With luck, this will get me unwedged. But if you
really didn't forget anything, try typing `2' now; then
my insertion and my current dilemma will both disappear.

./Labo2_2022.tex:279: Missing } inserted.
<inserted text> 
                }
l.279 \subsection
                 *{Ejemplos}
I've inserted something that you may have forgotten.
(See the <inserted text> above.)
With luck, this will get me unwedged. But if you
really didn't forget anything, try typing `2' now; then
my insertion and my current dilemma will both disappear.

[46] [47]
Underfull \vbox (badness 7851) has occurred while \output is active []


./Labo2_2022.tex:320: Missing $ inserted.
<inserted text> 
                $
l.320 \subsection
                 *{Ejemplos}
I've inserted a begin-math/end-math symbol since I think
you left one out. Proceed, with fingers crossed.

./Labo2_2022.tex:320: Extra }, or forgotten $.
<recently read> \egroup 
                        
l.320 \subsection
                 *{Ejemplos}
I've deleted a group-closing symbol because it seems to be
spurious, as in `$x}$'. But perhaps the } is legitimate and
you forgot something else, as in `\hbox{$x}'. In such cases
the way to recover is to insert both the forgotten and the
deleted material, e.g., by typing `I$}'.

./Labo2_2022.tex:320: Extra }, or forgotten $.
\MakeUppercase    ...ext@case@aux {upper}{#1}{#2}}
                                                  
l.320 \subsection
                 *{Ejemplos}
I've deleted a group-closing symbol because it seems to be
spurious, as in `$x}$'. But perhaps the } is legitimate and
you forgot something else, as in `\hbox{$x}'. In such cases
the way to recover is to insert both the forgotten and the
deleted material, e.g., by typing `I$}'.

./Labo2_2022.tex:320: Extra }, or forgotten $.
\@outputpage ...or \hb@xt@ \textwidth {\@thehead }
                                                  \color@endbox }\dp \@tempb...
l.320 \subsection
                 *{Ejemplos}
I've deleted a group-closing symbol because it seems to be
spurious, as in `$x}$'. But perhaps the } is legitimate and
you forgot something else, as in `\hbox{$x}'. In such cases
the way to recover is to insert both the forgotten and the
deleted material, e.g., by typing `I$}'.

./Labo2_2022.tex:320: Missing $ inserted.
<inserted text> 
                $
l.320 \subsection
                 *{Ejemplos}
I've inserted a begin-math/end-math symbol since I think
you left one out. Proceed, with fingers crossed.

./Labo2_2022.tex:320: Missing } inserted.
<inserted text> 
                }
l.320 \subsection
                 *{Ejemplos}
I've inserted something that you may have forgotten.
(See the <inserted text> above.)
With luck, this will get me unwedged. But if you
really didn't forget anything, try typing `2' now; then
my insertion and my current dilemma will both disappear.

./Labo2_2022.tex:320: Missing } inserted.
<inserted text> 
                }
l.320 \subsection
                 *{Ejemplos}
I've inserted something that you may have forgotten.
(See the <inserted text> above.)
With luck, this will get me unwedged. But if you
really didn't forget anything, try typing `2' now; then
my insertion and my current dilemma will both disappear.

./Labo2_2022.tex:320: Missing } inserted.
<inserted text> 
                }
l.320 \subsection
                 *{Ejemplos}
I've inserted something that you may have forgotten.
(See the <inserted text> above.)
With luck, this will get me unwedged. But if you
really didn't forget anything, try typing `2' now; then
my insertion and my current dilemma will both disappear.

[48]) (./Labo3.tex [49]
./Labo3.tex:1: Missing $ inserted.
<inserted text> 
                $
l.1 \haddockmoduleheading{Labo3}
                                
I've inserted a begin-math/end-math symbol since I think
you left one out. Proceed, with fingers crossed.

./Labo3.tex:1: Extra }, or forgotten $.
<recently read> \egroup 
                        
l.1 \haddockmoduleheading{Labo3}
                                
I've deleted a group-closing symbol because it seems to be
spurious, as in `$x}$'. But perhaps the } is legitimate and
you forgot something else, as in `\hbox{$x}'. In such cases
the way to recover is to insert both the forgotten and the
deleted material, e.g., by typing `I$}'.

./Labo3.tex:1: Extra }, or forgotten $.
\MakeUppercase    ...ext@case@aux {upper}{#1}{#2}}
                                                  
l.1 \haddockmoduleheading{Labo3}
                                
I've deleted a group-closing symbol because it seems to be
spurious, as in `$x}$'. But perhaps the } is legitimate and
you forgot something else, as in `\hbox{$x}'. In such cases
the way to recover is to insert both the forgotten and the
deleted material, e.g., by typing `I$}'.

./Labo3.tex:1: Extra }, or forgotten $.
\@outputpage ...or \hb@xt@ \textwidth {\@thehead }
                                                  \color@endbox }\dp \@tempb...
l.1 \haddockmoduleheading{Labo3}
                                
I've deleted a group-closing symbol because it seems to be
spurious, as in `$x}$'. But perhaps the } is legitimate and
you forgot something else, as in `\hbox{$x}'. In such cases
the way to recover is to insert both the forgotten and the
deleted material, e.g., by typing `I$}'.

./Labo3.tex:1: Missing $ inserted.
<inserted text> 
                $
l.1 \haddockmoduleheading{Labo3}
                                
I've inserted a begin-math/end-math symbol since I think
you left one out. Proceed, with fingers crossed.

./Labo3.tex:1: Missing } inserted.
<inserted text> 
                }
l.1 \haddockmoduleheading{Labo3}
                                
I've inserted something that you may have forgotten.
(See the <inserted text> above.)
With luck, this will get me unwedged. But if you
really didn't forget anything, try typing `2' now; then
my insertion and my current dilemma will both disappear.

./Labo3.tex:1: Missing } inserted.
<inserted text> 
                }
l.1 \haddockmoduleheading{Labo3}
                                
I've inserted something that you may have forgotten.
(See the <inserted text> above.)
With luck, this will get me unwedged. But if you
really didn't forget anything, try typing `2' now; then
my insertion and my current dilemma will both disappear.

./Labo3.tex:1: Missing } inserted.
<inserted text> 
                }
l.1 \haddockmoduleheading{Labo3}
                                
I've inserted something that you may have forgotten.
(See the <inserted text> above.)
With luck, this will get me unwedged. But if you
really didn't forget anything, try typing `2' now; then
my insertion and my current dilemma will both disappear.

[50

]
Chapter 6.

Overfull \hbox (4.64594pt too wide) in paragraph at lines 9--9
[]    \OT1/cmtt/m/n/9 listaParejas', listaParejas, sufijos, sublistas, permuta, intercalado,[] 
 []

[51] [52] [53] [54]
Underfull \vbox (badness 7851) has occurred while \output is active []

 [55]
Underfull \vbox (badness 4454) has occurred while \output is active []

 [56]
Underfull \vbox (badness 3240) has occurred while \output is active []

 [57]
Overfull \hbox (131.97003pt too wide) in paragraph at lines 183--183
 []\OT1/cmtt/m/n/9 [(0,0),(0,1),(1,0),(0,2),(1,1),(2,0),(0,3),(1,2),(2,1),(3,0),(0,4),(1,3),(2,2),(3,1),(4,0)][] 
 []

[58] [59] [60] [61] [62]) (./Labo3_2022.tex [63] [64

]
Chapter 7.

Package hyperref Warning: Token not allowed in a PDF string (Unicode):
(hyperref)                removing `subscript' on input line 1.

./Labo3_2022.tex:1: Missing $ inserted.
<inserted text> 
                $
l.1 \haddockmoduleheading{Labo3_2022}
                                     
I've inserted a begin-math/end-math symbol since I think
you left one out. Proceed, with fingers crossed.

./Labo3_2022.tex:1: Extra }, or forgotten $.
<recently read> \egroup 
                        
l.1 \haddockmoduleheading{Labo3_2022}
                                     
I've deleted a group-closing symbol because it seems to be
spurious, as in `$x}$'. But perhaps the } is legitimate and
you forgot something else, as in `\hbox{$x}'. In such cases
the way to recover is to insert both the forgotten and the
deleted material, e.g., by typing `I$}'.

./Labo3_2022.tex:1: Missing $ inserted.
<inserted text> 
                $
l.1 \haddockmoduleheading{Labo3_2022}
                                     
I've inserted a begin-math/end-math symbol since I think
you left one out. Proceed, with fingers crossed.


Overfull \hbox (28.27066pt too wide) in paragraph at lines 9--9
[]    \OT1/cmtt/m/n/9 last', reverse', any', min', map', takeWhile', listaNegPos, listaRepetidos,[] 
 []

[65]
./Labo3_2022.tex:52: Missing $ inserted.
<inserted text> 
                $
l.52 \end{quote}
                }
I've inserted a begin-math/end-math symbol since I think
you left one out. Proceed, with fingers crossed.

./Labo3_2022.tex:52: Extra }, or forgotten $.
<recently read> \egroup 
                        
l.52 \end{quote}
                }
I've deleted a group-closing symbol because it seems to be
spurious, as in `$x}$'. But perhaps the } is legitimate and
you forgot something else, as in `\hbox{$x}'. In such cases
the way to recover is to insert both the forgotten and the
deleted material, e.g., by typing `I$}'.

./Labo3_2022.tex:52: Extra }, or forgotten $.
\MakeUppercase    ...ext@case@aux {upper}{#1}{#2}}
                                                  
l.52 \end{quote}
                }
I've deleted a group-closing symbol because it seems to be
spurious, as in `$x}$'. But perhaps the } is legitimate and
you forgot something else, as in `\hbox{$x}'. In such cases
the way to recover is to insert both the forgotten and the
deleted material, e.g., by typing `I$}'.

./Labo3_2022.tex:52: Extra }, or forgotten $.
\@outputpage ...or \hb@xt@ \textwidth {\@thehead }
                                                  \color@endbox }\dp \@tempb...
l.52 \end{quote}
                }
I've deleted a group-closing symbol because it seems to be
spurious, as in `$x}$'. But perhaps the } is legitimate and
you forgot something else, as in `\hbox{$x}'. In such cases
the way to recover is to insert both the forgotten and the
deleted material, e.g., by typing `I$}'.

./Labo3_2022.tex:52: Missing $ inserted.
<inserted text> 
                $
l.52 \end{quote}
                }
I've inserted a begin-math/end-math symbol since I think
you left one out. Proceed, with fingers crossed.

./Labo3_2022.tex:52: Missing } inserted.
<inserted text> 
                }
l.52 \end{quote}
                }
I've inserted something that you may have forgotten.
(See the <inserted text> above.)
With luck, this will get me unwedged. But if you
really didn't forget anything, try typing `2' now; then
my insertion and my current dilemma will both disappear.

./Labo3_2022.tex:52: Missing } inserted.
<inserted text> 
                }
l.52 \end{quote}
                }
I've inserted something that you may have forgotten.
(See the <inserted text> above.)
With luck, this will get me unwedged. But if you
really didn't forget anything, try typing `2' now; then
my insertion and my current dilemma will both disappear.

./Labo3_2022.tex:52: Missing } inserted.
<inserted text> 
                }
l.52 \end{quote}
                }
I've inserted something that you may have forgotten.
(See the <inserted text> above.)
With luck, this will get me unwedged. But if you
really didn't forget anything, try typing `2' now; then
my insertion and my current dilemma will both disappear.

[66] [67]
./Labo3_2022.tex:117: Missing $ inserted.
<inserted text> 
                $
l.117 \subsection
                 *{Ejemplo}
I've inserted a begin-math/end-math symbol since I think
you left one out. Proceed, with fingers crossed.

./Labo3_2022.tex:117: Extra }, or forgotten $.
<recently read> \egroup 
                        
l.117 \subsection
                 *{Ejemplo}
I've deleted a group-closing symbol because it seems to be
spurious, as in `$x}$'. But perhaps the } is legitimate and
you forgot something else, as in `\hbox{$x}'. In such cases
the way to recover is to insert both the forgotten and the
deleted material, e.g., by typing `I$}'.

./Labo3_2022.tex:117: Extra }, or forgotten $.
\MakeUppercase    ...ext@case@aux {upper}{#1}{#2}}
                                                  
l.117 \subsection
                 *{Ejemplo}
I've deleted a group-closing symbol because it seems to be
spurious, as in `$x}$'. But perhaps the } is legitimate and
you forgot something else, as in `\hbox{$x}'. In such cases
the way to recover is to insert both the forgotten and the
deleted material, e.g., by typing `I$}'.

./Labo3_2022.tex:117: Extra }, or forgotten $.
\@outputpage ...or \hb@xt@ \textwidth {\@thehead }
                                                  \color@endbox }\dp \@tempb...
l.117 \subsection
                 *{Ejemplo}
I've deleted a group-closing symbol because it seems to be
spurious, as in `$x}$'. But perhaps the } is legitimate and
you forgot something else, as in `\hbox{$x}'. In such cases
the way to recover is to insert both the forgotten and the
deleted material, e.g., by typing `I$}'.

./Labo3_2022.tex:117: Missing $ inserted.
<inserted text> 
                $
l.117 \subsection
                 *{Ejemplo}
I've inserted a begin-math/end-math symbol since I think
you left one out. Proceed, with fingers crossed.

./Labo3_2022.tex:117: Missing } inserted.
<inserted text> 
                }
l.117 \subsection
                 *{Ejemplo}
I've inserted something that you may have forgotten.
(See the <inserted text> above.)
With luck, this will get me unwedged. But if you
really didn't forget anything, try typing `2' now; then
my insertion and my current dilemma will both disappear.

./Labo3_2022.tex:117: Missing } inserted.
<inserted text> 
                }
l.117 \subsection
                 *{Ejemplo}
I've inserted something that you may have forgotten.
(See the <inserted text> above.)
With luck, this will get me unwedged. But if you
really didn't forget anything, try typing `2' now; then
my insertion and my current dilemma will both disappear.

./Labo3_2022.tex:117: Missing } inserted.
<inserted text> 
                }
l.117 \subsection
                 *{Ejemplo}
I've inserted something that you may have forgotten.
(See the <inserted text> above.)
With luck, this will get me unwedged. But if you
really didn't forget anything, try typing `2' now; then
my insertion and my current dilemma will both disappear.

[68] [69]
Overfull \hbox (1322.65619pt too wide) in paragraph at lines 163--163
 []\OT1/cmtt/m/n/9 [1,-2,3,-4,5,-6,7,-8,9,-10,11,-12,13,-14,15,-16,17,-18,19,-20,21,-22,23,-24,25,-26,27,-28,29,-30,31,-32,33,-34,35,-36,37,-38,39,-40,41,-42,43,-44,45,-46,47,-48,49,-50,51,-52,53,-54,55,-56,57,-58,59,-60,61,-62,63,-64,65,-66,67,-68,69,-70,71,-72,73,-74,75,-76,77,-78,79,-80,81,-82,83,-84,85,-86,87,-88,89,-90,91,-92,93,-94,95,-96,97,-98,99,-100][] 
 []

./Labo3_2022.tex:172: Missing $ inserted.
<inserted text> 
                $
l.172 \section
              *{Descripción}
I've inserted a begin-math/end-math symbol since I think
you left one out. Proceed, with fingers crossed.

./Labo3_2022.tex:172: Extra }, or forgotten $.
<recently read> \egroup 
                        
l.172 \section
              *{Descripción}
I've deleted a group-closing symbol because it seems to be
spurious, as in `$x}$'. But perhaps the } is legitimate and
you forgot something else, as in `\hbox{$x}'. In such cases
the way to recover is to insert both the forgotten and the
deleted material, e.g., by typing `I$}'.

./Labo3_2022.tex:172: Extra }, or forgotten $.
\MakeUppercase    ...ext@case@aux {upper}{#1}{#2}}
                                                  
l.172 \section
              *{Descripción}
I've deleted a group-closing symbol because it seems to be
spurious, as in `$x}$'. But perhaps the } is legitimate and
you forgot something else, as in `\hbox{$x}'. In such cases
the way to recover is to insert both the forgotten and the
deleted material, e.g., by typing `I$}'.

./Labo3_2022.tex:172: Extra }, or forgotten $.
\@outputpage ...or \hb@xt@ \textwidth {\@thehead }
                                                  \color@endbox }\dp \@tempb...
l.172 \section
              *{Descripción}
I've deleted a group-closing symbol because it seems to be
spurious, as in `$x}$'. But perhaps the } is legitimate and
you forgot something else, as in `\hbox{$x}'. In such cases
the way to recover is to insert both the forgotten and the
deleted material, e.g., by typing `I$}'.

./Labo3_2022.tex:172: Missing $ inserted.
<inserted text> 
                $
l.172 \section
              *{Descripción}
I've inserted a begin-math/end-math symbol since I think
you left one out. Proceed, with fingers crossed.

./Labo3_2022.tex:172: Missing } inserted.
<inserted text> 
                }
l.172 \section
              *{Descripción}
I've inserted something that you may have forgotten.
(See the <inserted text> above.)
With luck, this will get me unwedged. But if you
really didn't forget anything, try typing `2' now; then
my insertion and my current dilemma will both disappear.

./Labo3_2022.tex:172: Missing } inserted.
<inserted text> 
                }
l.172 \section
              *{Descripción}
I've inserted something that you may have forgotten.
(See the <inserted text> above.)
With luck, this will get me unwedged. But if you
really didn't forget anything, try typing `2' now; then
my insertion and my current dilemma will both disappear.

./Labo3_2022.tex:172: Missing } inserted.
<inserted text> 
                }
l.172 \section
              *{Descripción}
I've inserted something that you may have forgotten.
(See the <inserted text> above.)
With luck, this will get me unwedged. But if you
really didn't forget anything, try typing `2' now; then
my insertion and my current dilemma will both disappear.

[70]
Underfull \vbox (badness 2689) has occurred while \output is active []

 [71]
./Labo3_2022.tex:213: Missing $ inserted.
<inserted text> 
                $
l.213 \end{quote}
                 }
I've inserted a begin-math/end-math symbol since I think
you left one out. Proceed, with fingers crossed.

./Labo3_2022.tex:213: Extra }, or forgotten $.
<recently read> \egroup 
                        
l.213 \end{quote}
                 }
I've deleted a group-closing symbol because it seems to be
spurious, as in `$x}$'. But perhaps the } is legitimate and
you forgot something else, as in `\hbox{$x}'. In such cases
the way to recover is to insert both the forgotten and the
deleted material, e.g., by typing `I$}'.

./Labo3_2022.tex:213: Extra }, or forgotten $.
\MakeUppercase    ...ext@case@aux {upper}{#1}{#2}}
                                                  
l.213 \end{quote}
                 }
I've deleted a group-closing symbol because it seems to be
spurious, as in `$x}$'. But perhaps the } is legitimate and
you forgot something else, as in `\hbox{$x}'. In such cases
the way to recover is to insert both the forgotten and the
deleted material, e.g., by typing `I$}'.

./Labo3_2022.tex:213: Extra }, or forgotten $.
\@outputpage ...or \hb@xt@ \textwidth {\@thehead }
                                                  \color@endbox }\dp \@tempb...
l.213 \end{quote}
                 }
I've deleted a group-closing symbol because it seems to be
spurious, as in `$x}$'. But perhaps the } is legitimate and
you forgot something else, as in `\hbox{$x}'. In such cases
the way to recover is to insert both the forgotten and the
deleted material, e.g., by typing `I$}'.

./Labo3_2022.tex:213: Missing $ inserted.
<inserted text> 
                $
l.213 \end{quote}
                 }
I've inserted a begin-math/end-math symbol since I think
you left one out. Proceed, with fingers crossed.

./Labo3_2022.tex:213: Missing } inserted.
<inserted text> 
                }
l.213 \end{quote}
                 }
I've inserted something that you may have forgotten.
(See the <inserted text> above.)
With luck, this will get me unwedged. But if you
really didn't forget anything, try typing `2' now; then
my insertion and my current dilemma will both disappear.

./Labo3_2022.tex:213: Missing } inserted.
<inserted text> 
                }
l.213 \end{quote}
                 }
I've inserted something that you may have forgotten.
(See the <inserted text> above.)
With luck, this will get me unwedged. But if you
really didn't forget anything, try typing `2' now; then
my insertion and my current dilemma will both disappear.

./Labo3_2022.tex:213: Missing } inserted.
<inserted text> 
                }
l.213 \end{quote}
                 }
I've inserted something that you may have forgotten.
(See the <inserted text> above.)
With luck, this will get me unwedged. But if you
really didn't forget anything, try typing `2' now; then
my insertion and my current dilemma will both disappear.

[72] [73]
./Labo3_2022.tex:269: Missing $ inserted.
<inserted text> 
                $
l.269 \section
              *{Descripción}
I've inserted a begin-math/end-math symbol since I think
you left one out. Proceed, with fingers crossed.

./Labo3_2022.tex:269: Extra }, or forgotten $.
<recently read> \egroup 
                        
l.269 \section
              *{Descripción}
I've deleted a group-closing symbol because it seems to be
spurious, as in `$x}$'. But perhaps the } is legitimate and
you forgot something else, as in `\hbox{$x}'. In such cases
the way to recover is to insert both the forgotten and the
deleted material, e.g., by typing `I$}'.

./Labo3_2022.tex:269: Extra }, or forgotten $.
\MakeUppercase    ...ext@case@aux {upper}{#1}{#2}}
                                                  
l.269 \section
              *{Descripción}
I've deleted a group-closing symbol because it seems to be
spurious, as in `$x}$'. But perhaps the } is legitimate and
you forgot something else, as in `\hbox{$x}'. In such cases
the way to recover is to insert both the forgotten and the
deleted material, e.g., by typing `I$}'.

./Labo3_2022.tex:269: Extra }, or forgotten $.
\@outputpage ...or \hb@xt@ \textwidth {\@thehead }
                                                  \color@endbox }\dp \@tempb...
l.269 \section
              *{Descripción}
I've deleted a group-closing symbol because it seems to be
spurious, as in `$x}$'. But perhaps the } is legitimate and
you forgot something else, as in `\hbox{$x}'. In such cases
the way to recover is to insert both the forgotten and the
deleted material, e.g., by typing `I$}'.

./Labo3_2022.tex:269: Missing $ inserted.
<inserted text> 
                $
l.269 \section
              *{Descripción}
I've inserted a begin-math/end-math symbol since I think
you left one out. Proceed, with fingers crossed.

./Labo3_2022.tex:269: Missing } inserted.
<inserted text> 
                }
l.269 \section
              *{Descripción}
I've inserted something that you may have forgotten.
(See the <inserted text> above.)
With luck, this will get me unwedged. But if you
really didn't forget anything, try typing `2' now; then
my insertion and my current dilemma will both disappear.

./Labo3_2022.tex:269: Missing } inserted.
<inserted text> 
                }
l.269 \section
              *{Descripción}
I've inserted something that you may have forgotten.
(See the <inserted text> above.)
With luck, this will get me unwedged. But if you
really didn't forget anything, try typing `2' now; then
my insertion and my current dilemma will both disappear.

./Labo3_2022.tex:269: Missing } inserted.
<inserted text> 
                }
l.269 \section
              *{Descripción}
I've inserted something that you may have forgotten.
(See the <inserted text> above.)
With luck, this will get me unwedged. But if you
really didn't forget anything, try typing `2' now; then
my insertion and my current dilemma will both disappear.

[74] [75]) (./Labo4.tex
./Labo4.tex:1: Missing $ inserted.
<inserted text> 
                $
l.1 \haddockmoduleheading{Labo4}
                                
I've inserted a begin-math/end-math symbol since I think
you left one out. Proceed, with fingers crossed.

./Labo4.tex:1: Extra }, or forgotten $.
<recently read> \egroup 
                        
l.1 \haddockmoduleheading{Labo4}
                                
I've deleted a group-closing symbol because it seems to be
spurious, as in `$x}$'. But perhaps the } is legitimate and
you forgot something else, as in `\hbox{$x}'. In such cases
the way to recover is to insert both the forgotten and the
deleted material, e.g., by typing `I$}'.

./Labo4.tex:1: Extra }, or forgotten $.
\MakeUppercase    ...ext@case@aux {upper}{#1}{#2}}
                                                  
l.1 \haddockmoduleheading{Labo4}
                                
I've deleted a group-closing symbol because it seems to be
spurious, as in `$x}$'. But perhaps the } is legitimate and
you forgot something else, as in `\hbox{$x}'. In such cases
the way to recover is to insert both the forgotten and the
deleted material, e.g., by typing `I$}'.

./Labo4.tex:1: Extra }, or forgotten $.
\@outputpage ...or \hb@xt@ \textwidth {\@thehead }
                                                  \color@endbox }\dp \@tempb...
l.1 \haddockmoduleheading{Labo4}
                                
I've deleted a group-closing symbol because it seems to be
spurious, as in `$x}$'. But perhaps the } is legitimate and
you forgot something else, as in `\hbox{$x}'. In such cases
the way to recover is to insert both the forgotten and the
deleted material, e.g., by typing `I$}'.

./Labo4.tex:1: Missing $ inserted.
<inserted text> 
                $
l.1 \haddockmoduleheading{Labo4}
                                
I've inserted a begin-math/end-math symbol since I think
you left one out. Proceed, with fingers crossed.

./Labo4.tex:1: Missing } inserted.
<inserted text> 
                }
l.1 \haddockmoduleheading{Labo4}
                                
I've inserted something that you may have forgotten.
(See the <inserted text> above.)
With luck, this will get me unwedged. But if you
really didn't forget anything, try typing `2' now; then
my insertion and my current dilemma will both disappear.

./Labo4.tex:1: Missing } inserted.
<inserted text> 
                }
l.1 \haddockmoduleheading{Labo4}
                                
I've inserted something that you may have forgotten.
(See the <inserted text> above.)
With luck, this will get me unwedged. But if you
really didn't forget anything, try typing `2' now; then
my insertion and my current dilemma will both disappear.

./Labo4.tex:1: Missing } inserted.
<inserted text> 
                }
l.1 \haddockmoduleheading{Labo4}
                                
I've inserted something that you may have forgotten.
(See the <inserted text> above.)
With luck, this will get me unwedged. But if you
really didn't forget anything, try typing `2' now; then
my insertion and my current dilemma will both disappear.

[76]
Chapter 8.

Overfull \hbox (14.09583pt too wide) in paragraph at lines 9--9
[]    \OT1/cmtt/m/n/9 Punto(P), pointSum, Direccion(DERECHA, IZQUIERDA, ABAJO, ARRIBA), mueve,[] 
 []


Overfull \hbox (14.09583pt too wide) in paragraph at lines 9--9
[]    \OT1/cmtt/m/n/9 destino, trayectoria, Nat(Suc, Cero), (~+), (~*), natToInt, Complejo(C),[] 
 []


Underfull \hbox (badness 10000) in paragraph at lines 24--24
[]\OT1/cmr/bx/n/24.88 Con-struc-tor del
 []

[77

] [78]

Package tabulary Warning: No suitable columns! on input line 75.


Overfull \hbox (6.0pt too wide) in paragraph at lines 75--75
[]| 
 []


Overfull \hbox (6.0pt too wide) in paragraph at lines 75--75
[]| 
 []


Overfull \hbox (6.0pt too wide) in paragraph at lines 75--75
[]| 
 []


Overfull \hbox (6.0pt too wide) in paragraph at lines 75--75
[]| 
 []

[79] [80]
Overfull \hbox (127.24509pt too wide) in paragraph at lines 150--150
 []\OT1/cmtt/m/n/9 >>> destino (P 0 0) [ARRIBA, ARRIBA, ABAJO, ABAJO, IZQUIERDA, DERECHA, IZQUIERDA, DERECHA][] 
 []


Overfull \hbox (51.64597pt too wide) in paragraph at lines 157--157
 []\OT1/cmtt/m/n/9 >>> destino (P 0 0) [ARRIBA, ARRIBA, ABAJO, IZQUIERDA, IZQUIERDA, DERECHA][] 
 []

[81]
Overfull \hbox (146.14487pt too wide) in paragraph at lines 174--174
 []\OT1/cmtt/m/n/9 >>> trayectoria (P 0 0) [ARRIBA, ARRIBA, ABAJO, ABAJO, IZQUIERDA, DERECHA, IZQUIERDA, DERECHA][] 
 []


Overfull \hbox (70.54575pt too wide) in paragraph at lines 181--181
 []\OT1/cmtt/m/n/9 >>> trayectoria (P 0 0) [ARRIBA, ARRIBA, ABAJO, IZQUIERDA, IZQUIERDA, DERECHA][] 
 []

[82]
Underfull \hbox (badness 10000) in paragraph at lines 195--195
[]\OT1/cmr/bx/n/24.88 Rep-re-sentaci^^Son de
 []


Underfull \vbox (badness 1142) has occurred while \output is active []

 [83] [84] [85]

Package tabulary Warning: No suitable columns! on input line 279.


Overfull \hbox (6.0pt too wide) in paragraph at lines 279--279
[]| 
 []

[86] [87]) (./Labo5.tex [88]
Chapter 9.

Overfull \hbox (9.37088pt too wide) in paragraph at lines 8--8
[]    \OT1/cmtt/m/n/9 getInt, adivina, Matriz, getFloat, getMatriz, getFilas, getDatosMatriz,[] 
 []


Overfull \hbox (18.82077pt too wide) in paragraph at lines 8--8
[]    \OT1/cmtt/m/n/9 dibujaMatriz, mostrarMatrizNueva, formatea, formatear, justify, addSpaces[] 
 []


Underfull \vbox (badness 3058) has occurred while \output is active []

 [89

] [90] [91] [92] [93] [94]) (./Lote1.tex [95] [96

]
Chapter 10.

Overfull \hbox (32.9956pt too wide) in paragraph at lines 14--14
[]    \OT1/cmtt/m/n/9 yearsToSec', frontierInt, petaFlop'', fornl'', yearsToSec'', frontierDouble,[] 
 []


Overfull \hbox (9.37088pt too wide) in paragraph at lines 14--14
[]    \OT1/cmtt/m/n/9 time, totalYears, daysToSec, hoursToSec, minsToSec, years, days, hours,[] 
 []


Overfull \hbox (32.9956pt too wide) in paragraph at lines 14--14
[]    \OT1/cmtt/m/n/9 reduccion, perm, var, comb, factores, isPrime, fibonacci, y, o, no, implica,[] 
 []


Overfull \hbox (18.82077pt too wide) in paragraph at lines 14--14
[]    \OT1/cmtt/m/n/9 initLast, concat', auxList, take', drop', splitAt', nub, quicksort, and',[] 
 []

[97]
Overfull \hbox (183.81985pt too wide) in paragraph at lines 45--47
\OT1/cmr/bx/n/24.88 515859580800000000000000000000000000  
 []

[98] [99] [100] [101] [102] [103] [104] [105] [106] [107] [108] [109]
Underfull \vbox (badness 1430) has occurred while \output is active []

 [110] [111] [112] [113] [114] [115] [116] [117] [118] [119] [120] [121]
Underfull \vbox (badness 1953) has occurred while \output is active []

 [122] [123] [124] [125] [126]) (./Lote2.tex [127] [128

]
Chapter 11.

Overfull \hbox (28.27066pt too wide) in paragraph at lines 20--20
[]    \OT1/cmtt/m/n/9 listaEnumeracion, getPos, getPosInv, filter2, filters, span, mapx, iguales,[] 
 []


Overfull \hbox (9.37088pt too wide) in paragraph at lines 20--20
[]    \OT1/cmtt/m/n/9 cuantos, mayoria, menorA, menor, mayorA, mayor, ex, pt, listaDivisores,[] 
 []


Overfull \hbox (4.64594pt too wide) in paragraph at lines 20--20
[]    \OT1/cmtt/m/n/9 listadoPrimosMenores1000, primosEntre200y500, primerPrimoMayorQue6923,[] 
 []


Overfull \hbox (14.09583pt too wide) in paragraph at lines 20--20
[]    \OT1/cmtt/m/n/9 esProcesable, listaProcesables, divisoresPrimos, maxExp, fprimos, last',[] 
 []


Overfull \hbox (18.82077pt too wide) in paragraph at lines 20--20
[]    \OT1/cmtt/m/n/9 reverse', all', any', concat', minimum, map', filter', takeWhile', take',[] 
 []


Overfull \hbox (32.9956pt too wide) in paragraph at lines 20--20
[]    \OT1/cmtt/m/n/9 (+++), foldr1', foldl1', prefixes, suffixes, sublists, partss, perms, inits,[] 
 []


Overfull \hbox (18.82077pt too wide) in paragraph at lines 20--20
[]    \OT1/cmtt/m/n/9 combinaciones, variaciones, sumandos, prodEscalar, numFilas, numColumnas,[] 
 []


Overfull \hbox (18.82077pt too wide) in paragraph at lines 20--20
[]    \OT1/cmtt/m/n/9 fila, columna, productoMatricial, f, g, h, auxZ, auxG, auxL, f9, collatz,[] 
 []


Overfull \hbox (32.9956pt too wide) in paragraph at lines 20--20
[]    \OT1/cmtt/m/n/9 traza, f', f'', f''', f'''', coll1, coll2, coll3, fix, fac1, facHO, length1,[] 
 []


Underfull \vbox (badness 10000) has occurred while \output is active []

 [129]
Overfull \hbox (694.2385pt too wide) in paragraph at lines 37--37
 []\OT1/cmtt/m/n/9 [0,1,4,9,16,25,36,49,64,81,100,121,144,169,196,225,256,289,324,361,400,441,484,529,576,625,676,729,784,841,900,961,1024,1089,1156,1225,1296,1369,1444,1521,1600,1681,1764,1849,1936,2025,2116,2209,2304,2401,2500][] 
 []


Overfull \hbox (694.2385pt too wide) in paragraph at lines 53--53
 []\OT1/cmtt/m/n/9 [0,1,4,9,16,25,36,49,64,81,100,121,144,169,196,225,256,289,324,361,400,441,484,529,576,625,676,729,784,841,900,961,1024,1089,1156,1225,1296,1369,1444,1521,1600,1681,1764,1849,1936,2025,2116,2209,2304,2401,2500][] 
 []

[130]
Overfull \hbox (1851.85004pt too wide) in paragraph at lines 69--69
 []\OT1/cmtt/m/n/9 [(50,2500),(49,2401),(48,2304),(47,2209),(46,2116),(45,2025),(44,1936),(43,1849),(42,1764),(41,1681),(40,1600),(39,1521),(38,1444),(37,1369),(36,1296),(35,1225),(34,1156),(33,1089),(32,1024),(31,961),(30,900),(29,841),(28,784),(27,729),(26,676),(25,625),(24,576),(23,529),(22,484),(21,441),(20,400),(19,361),(18,324),(17,289),(16,256),(15,225),(14,196),(13,169),(12,144),(11,121),(10,100),(9,81),(8,64),(7,49),(6,36),(5,25),(4,16),(3,9),(2,4),(1,1),(0,0)][] 
 []


Underfull \vbox (badness 1168) has occurred while \output is active []

 [131]
Overfull \hbox (2820.46378pt too wide) in paragraph at lines 101--101
 []\OT1/cmtt/m/n/9 [1,3,9,27,81,243,729,2187,6561,19683,59049,177147,531441,1594323,4782969,14348907,43046721,129140163,387420489,1162261467,3486784401,10460353203,31381059609,94143178827,282429536481,847288609443,2541865828329,7625597484987,22876792454961,68630377364883,205891132094649,617673396283947,1853020188851841,5559060566555523,16677181699666569,50031545098999707,150094635296999121,450283905890997363,1350851717672992089,4052555153018976267,12157665459056928801,36472996377170786403,109418989131512359209,328256967394537077627,984770902183611232881,2954312706550833698643,8862938119652501095929,26588814358957503287787,79766443076872509863361,239299329230617529590083][] 
 []

[132] [133]
Overfull \hbox (6066.50104pt too wide) in paragraph at lines 165--165
 []\OT1/cmtt/m/n/9 [[1,2,3,4,5,6,7,8,9,10,11,12,13,14,15,16,17,18,19,20],[1,4,9,16,25,36,49,64,81,100,121,144,169,196,225,256,289,324,361,400],[1,8,27,64,125,216,343,512,729,1000,1331,1728,2197,2744,3375,4096,4913,5832,6859,8000],[1,16,81,256,625,1296,2401,4096,6561,10000,14641,20736,28561,38416,50625,65536,83521,104976,130321,160000],[1,32,243,1024,3125,7776,16807,32768,59049,100000,161051,248832,371293,537824,759375,1048576,1419857,1889568,2476099,3200000],[1,64,729,4096,15625,46656,117649,262144,531441,1000000,1771561,2985984,4826809,7529536,11390625,16777216,24137569,34012224,47045881,64000000],[1,128,2187,16384,78125,279936,823543,2097152,4782969,10000000,19487171,35831808,62748517,105413504,170859375,268435456,410338673,612220032,893871739,1280000000],[1,256,6561,65536,390625,1679616,5764801,16777216,43046721,100000000,214358881,429981696,815730721,1475789056,2562890625,4294967296,6975757441,11019960576,16983563041,25600000000],[1,512,19683,262144,1953125,10077696,40353607,134217728,387420489,1000000000,2357947691,5159780352,10604499373,20661046784,38443359375,68719476736,118587876497,198359290368,322687697779,512000000000],[1,1024,59049,1048576,9765625,60466176,282475249,1073741824,3486784401,10000000000,25937424601,61917364224,137858491849,289254654976,576650390625,1099511627776,2015993900449,3570467226624,6131066257801,10240000000000]][] 
 []

[134]
Overfull \hbox (18497.83151pt too wide) in paragraph at lines 181--181
 []\OT1/cmtt/m/n/9 [[1,1,1,1,1,1,1,1,1,1,1,1,1,1,1,1,1,1,1],[2,4,8,16,32,64,128,256,512,1024,2048,4096,8192,16384,32768,65536,131072,262144,524288],[3,9,27,81,243,729,2187,6561,19683,59049,177147,531441,1594323,4782969,14348907,43046721,129140163,387420489,1162261467],[4,16,64,256,1024,4096,16384,65536,262144,1048576,4194304,16777216,67108864,268435456,1073741824,4294967296,17179869184,68719476736,274877906944],[5,25,125,625,3125,15625,78125,390625,1953125,9765625,48828125,244140625,1220703125,6103515625,30517578125,152587890625,762939453125,3814697265625,19073486328125],[6,36,216,1296,7776,46656,279936,1679616,10077696,60466176,362797056,2176782336,13060694016,78364164096,470184984576,2821109907456,16926659444736,101559956668416,609359740010496],[7,49,343,2401,16807,117649,823543,5764801,40353607,282475249,1977326743,13841287201,96889010407,678223072849,4747561509943,33232930569601,232630513987207,1628413597910449,11398895185373143],[8,64,512,4096,32768,262144,2097152,16777216,134217728,1073741824,8589934592,68719476736,549755813888,4398046511104,35184372088832,281474976710656,2251799813685248,18014398509481984,144115188075855872],[9,81,729,6561,59049,531441,4782969,43046721,387420489,3486784401,31381059609,282429536481,2541865828329,22876792454961,205891132094649,1853020188851841,16677181699666569,150094635296999121,1350851717672992089],[10,100,1000,10000,100000,1000000,10000000,100000000,1000000000,10000000000,100000000000,1000000000000,10000000000000,100000000000000,1000000000000000,10000000000000000,100000000000000000,1000000000000000000,-8446744073709551616],[11,121,1331,14641,161051,1771561,19487171,214358881,2357947691,25937424601,285311670611,3138428376721,34522712143931,379749833583241,4177248169415651,45949729863572161,505447028499293771,5559917313492231481,5818858227285891443],[12,144,1728,20736,248832,2985984,35831808,429981696,5159780352,61917364224,743008370688,8916100448256,106993205379072,1283918464548864,15407021574586368,184884258895036416,2218611106740436992,8176589207175692288,5885350117560549376],[13,169,2197,28561,371293,4826809,62748517,815730721,10604499373,137858491849,1792160394037,23298085122481,302875106592253,3937376385699289,51185893014090757,665416609183179841,8650415919381337933,1774942509700083433,4627508552391533013],[14,196,2744,38416,537824,7529536,105413504,1475789056,20661046784,289254654976,4049565169664,56693912375296,793714773254144,11112006825558016,155568095557812224,2177953337809371136,-6402141418087907328,2603740515317055488,-441120932980326400],[15,225,3375,50625,759375,11390625,170859375,2562890625,38443359375,576650390625,8649755859375,129746337890625,1946195068359375,29192926025390625,437893890380859375,6568408355712890625,6292404967145601295,2152354138636261345,-4608176067875183057],[16,256,4096,65536,1048576,16777216,268435456,4294967296,68719476736,1099511627776,17592186044416,281474976710656,4503599627370496,72057594037927936,1152921504606846976,0,0,0,0],[17,289,4913,83521,1419857,24137569,410338673,6975757441,118587876497,2015993900449,34271896307633,582622237229761,9904578032905937,168377826559400929,2862423051509815793,-6679040345461786367,-2863221430593058543,6665467901046659617,2632489875535903793],[18,324,5832,104976,1889568,34012224,612220032,11019960576,198359290368,3570467226624,64268410079232,1156831381426176,20822964865671168,374813367582081024,6746640616477458432,-7687677419372609536,9195759040969441280,-497033925936021504,-8946610666848387072],[19,361,6859,130321,2476099,47045881,893871739,16983563041,322687697779,6131066257801,116490258898219,2213314919066161,42052983462257059,799006685782884121,-3265617043834753317,-6706491611731658175,1703867893065355987,-4519998179177339479,6353754964178307979],[20,400,8000,160000,3200000,64000000,1280000000,25600000000,512000000000,10240000000000,204800000000000,4096000000000000,81920000000000000,1638400000000000000,-4125488147419103232,-8722786653543858176,-8435036407491198976,-2680031486438014976,1739602492368355328]][] 
 []


Overfull \hbox (491.06586pt too wide) in paragraph at lines 197--197
 []\OT1/cmtt/m/n/9 [1,-2,3,-4,5,-6,7,-8,9,-10,11,-12,13,-14,15,-16,17,-18,19,-20,21,-22,23,-24,25,-26,27,-28,29,-30,31,-32,33,-34,35,-36,37,-38,39,-40,41,-42,43,-44,45,-46,47,-48,49,-50][] 
 []

[135]
Overfull \hbox (1265.95685pt too wide) in paragraph at lines 213--213
 []\OT1/cmtt/m/n/9 [0,1,-1,2,-2,3,-3,4,-4,5,-5,6,-6,7,-7,8,-8,9,-9,10,-10,11,-11,12,-12,13,-13,14,-14,15,-15,16,-16,17,-17,18,-18,19,-19,20,-20,21,-21,22,-22,23,-23,24,-24,25,-25,26,-26,27,-27,28,-28,29,-29,30,-30,31,-31,32,-32,33,-33,34,-34,35,-35,36,-36,37,-37,38,-38,39,-39,40,-40,41,-41,42,-42,43,-43,44,-44,45,-45,46,-46,47,-47,48,-48,49,-49,50][] 
 []


Overfull \hbox (3562.28015pt too wide) in paragraph at lines 229--229
 []\OT1/cmtt/m/n/9 [(0,0),(1,0),(0,1),(2,0),(1,1),(0,2),(3,0),(2,1),(1,2),(0,3),(4,0),(3,1),(2,2),(1,3),(0,4),(5,0),(4,1),(3,2),(2,3),(1,4),(0,5),(6,0),(5,1),(4,2),(3,3),(2,4),(1,5),(0,6),(7,0),(6,1),(5,2),(4,3),(3,4),(2,5),(1,6),(0,7),(8,0),(7,1),(6,2),(5,3),(4,4),(3,5),(2,6),(1,7),(0,8),(9,0),(8,1),(7,2),(6,3),(5,4),(4,5),(3,6),(2,7),(1,8),(0,9),(10,0),(9,1),(8,2),(7,3),(6,4),(5,5),(4,6),(3,7),(2,8),(1,9),(0,10),(11,0),(10,1),(9,2),(8,3),(7,4),(6,5),(5,6),(4,7),(3,8),(2,9),(1,10),(0,11),(12,0),(11,1),(10,2),(9,3),(8,4),(7,5),(6,6),(5,7),(4,8),(3,9),(2,10),(1,11),(0,12),(13,0),(12,1),(11,2),(10,3),(9,4),(8,5),(7,6),(6,7),(5,8),(4,9),(3,10),(2,11),(1,12),(0,13),(14,0),(13,1),(12,2),(11,3),(10,4),(9,5),(8,6),(7,7),(6,8),(5,9),(4,10),(3,11),(2,12),(1,13),(0,14),(15,0),(14,1),(13,2),(12,3),(11,4),(10,5),(9,6),(8,7),(7,8),(6,9)][] 
 []

[136]
Underfull \vbox (badness 1168) has occurred while \output is active []

 [137] [138] [139] [140] [141] [142] [143] [144]) (./Lote3.tex [145] [146

]
Chapter 12.

Overfull \hbox (32.9956pt too wide) in paragraph at lines 12--12
[]    \OT1/cmtt/m/n/9 Medible(medida), Exp(Div, Por, Menos, Mas, Num), eval, cuentaOps, cambiaOps,[] 
 []


Overfull \hbox (32.9956pt too wide) in paragraph at lines 12--12
[]    \OT1/cmtt/m/n/9 operandos, Punto(P), pointSum, Direccion(DERECHA, IZQUIERDA, ABAJO, ARRIBA),[] 
 []


Overfull \hbox (14.09583pt too wide) in paragraph at lines 12--12
[]    \OT1/cmtt/m/n/9 mueve, destino, trayectoria, inferior, Conjunto(Con), toC, interseccion,[] 
 []


Overfull \hbox (18.82077pt too wide) in paragraph at lines 12--12
[]    \OT1/cmtt/m/n/9 union, mapSet, Asec(Acons, Void), long, nElem, separa, showSec, palabras,[] 
 []


Package tabulary Warning: No suitable columns! on input line 25.

[147]
Overfull \hbox (6.0pt too wide) in paragraph at lines 25--25
[]| 
 []


Package tabulary Warning: No suitable columns! on input line 57.

[148]
Overfull \hbox (6.0pt too wide) in paragraph at lines 57--57
[]| 
 []

[149]
Underfull \vbox (badness 7308) has occurred while \output is active []

 [150]

Package tabulary Warning: No suitable columns! on input line 131.


Overfull \hbox (6.0pt too wide) in paragraph at lines 131--131
[]| 
 []


Overfull \hbox (6.0pt too wide) in paragraph at lines 131--131
[]| 
 []


Overfull \hbox (6.0pt too wide) in paragraph at lines 131--131
[]| 
 []


Overfull \hbox (6.0pt too wide) in paragraph at lines 131--131
[]| 
 []


Overfull \hbox (6.0pt too wide) in paragraph at lines 131--131
[]| 
 []


Underfull \vbox (badness 3439) has occurred while \output is active []

 [151]
Underfull \hbox (badness 10000) in paragraph at lines 164--164
[]\OT1/cmr/bx/n/24.88 Con-struc-tor del
 []


Underfull \vbox (badness 10000) has occurred while \output is active []

 [152]

Package tabulary Warning: No suitable columns! on input line 215.


Overfull \hbox (6.0pt too wide) in paragraph at lines 215--215
[]| 
 []


Overfull \hbox (6.0pt too wide) in paragraph at lines 215--215
[]| 
 []


Overfull \hbox (6.0pt too wide) in paragraph at lines 215--215
[]| 
 []


Overfull \hbox (6.0pt too wide) in paragraph at lines 215--215
[]| 
 []

[153] [154] [155]
Overfull \hbox (127.24509pt too wide) in paragraph at lines 290--290
 []\OT1/cmtt/m/n/9 >>> destino (P 0 0) [ARRIBA, ARRIBA, ABAJO, ABAJO, IZQUIERDA, DERECHA, IZQUIERDA, DERECHA][] 
 []


Overfull \hbox (51.64597pt too wide) in paragraph at lines 297--297
 []\OT1/cmtt/m/n/9 >>> destino (P 0 0) [ARRIBA, ARRIBA, ABAJO, IZQUIERDA, IZQUIERDA, DERECHA][] 
 []


Overfull \hbox (146.14487pt too wide) in paragraph at lines 314--314
 []\OT1/cmtt/m/n/9 >>> trayectoria (P 0 0) [ARRIBA, ARRIBA, ABAJO, ABAJO, IZQUIERDA, DERECHA, IZQUIERDA, DERECHA][] 
 []

[156]
Overfull \hbox (70.54575pt too wide) in paragraph at lines 321--321
 []\OT1/cmtt/m/n/9 >>> trayectoria (P 0 0) [ARRIBA, ARRIBA, ABAJO, IZQUIERDA, IZQUIERDA, DERECHA][] 
 []


Package tabulary Warning: No suitable columns! on input line 338.


Overfull \hbox (6.0pt too wide) in paragraph at lines 338--338
[]| 
 []

[157]

Package tabulary Warning: No suitable columns! on input line 369.


Overfull \hbox (6.0pt too wide) in paragraph at lines 369--369
[]| 
 []


Overfull \hbox (6.0pt too wide) in paragraph at lines 369--369
[]| 
 []

[158]) (./Traductor.tex [159] [160

]
Chapter 13.

Overfull \hbox (9.37088pt too wide) in paragraph at lines 10--10
[]    \OT1/cmtt/m/n/9 rellenadoPorFicheroFijo, lecturaPalabras, mostrarTraducciones, demoMode[] 
 []


Underfull \vbox (badness 10000) has occurred while \output is active []

 [161]
Underfull \vbox (badness 4518) has occurred while \output is active []

 [162]
Underfull \vbox (badness 10000) has occurred while \output is active []

 [163] [164] [165]
Overfull \hbox (113.07025pt too wide) in paragraph at lines 134--134
 []\OT1/cmtt/m/n/9 >>> busqueda (insert genEmptyTree (hash "hola") ("hola", "hello")) (hash "hola") "hola"[] 
 []

[166] [167] [168] [169] [170] [171]) [172] (./main.aux)
 ***********
LaTeX2e <2023-11-01>
L3 programming layer <2023-11-01>
 ***********


LaTeX Warning: Label(s) may have changed. Rerun to get cross-references right.


Package rerunfilecheck Warning: File `main.out' has changed.
(rerunfilecheck)                Rerun to get outlines right
(rerunfilecheck)                or use package `bookmark'.

Package rerunfilecheck Info: Checksums for `main.out':
(rerunfilecheck)             Before: <no file>
(rerunfilecheck)             After:  6D0695C028A4998F6293B6ECA82FB85F;15210.
 )
(\end occurred inside a group at level 2)

### simple group (level 2) entered at line 1 ({)
### simple group (level 1) entered at line 1 ({)
### bottom level 
Here is how much of TeX's memory you used:
 8550 strings out of 474272
 130416 string characters out of 5750536
 1936530 words of memory out of 5000000
 30017 multiletter control sequences out of 15000+600000
 566637 words of font info for 65 fonts, out of 8000000 for 9000
 1141 hyphenation exceptions out of 8191
 90i,9n,93p,4051b,907s stack positions out of 10000i,1000n,20000p,200000b,200000s
</opt/texlive/2023/texmf-dist/fonts/type1/public/amsfonts/cm/cmbx10.pfb></opt/texlive/2023/texmf-dist/fonts/type1/public/amsfonts/cm/cmbx12.pfb></opt/texlive/2023/texmf-dist/fonts/type1/public/amsfonts/cm/cmbxti10.pfb></opt/texlive/2023/texmf-dist/fonts/type1/public/amsfonts/cm/cmr10.pfb></opt/texlive/2023/texmf-dist/fonts/type1/public/amsfonts/cm/cmr17.pfb></opt/texlive/2023/texmf-dist/fonts/type1/public/amsfonts/cm/cmr7.pfb></opt/texlive/2023/texmf-dist/fonts/type1/public/amsfonts/cm/cmsl10.pfb></opt/texlive/2023/texmf-dist/fonts/type1/public/amsfonts/cm/cmsltt10.pfb></opt/texlive/2023/texmf-dist/fonts/type1/public/amsfonts/cm/cmti10.pfb></opt/texlive/2023/texmf-dist/fonts/type1/public/amsfonts/cm/cmtt12.pfb></opt/texlive/2023/texmf-dist/fonts/type1/public/amsfonts/cm/cmtt9.pfb>
Output written on main.pdf (172 pages, 266587 bytes).
PDF statistics:
 1394 PDF objects out of 1440 (max. 8388607)
 1186 compressed objects within 12 object streams
 642 named destinations out of 1000 (max. 500000)
 1 words of extra memory for PDF output out of 10000 (max. 10000000)

