\BOOKMARK [0][-]{chapter.1}{\376\377\000F\000o\000r\000m\000u\000l\000a\000s\000P\000r\000o\000p\000o\000s\000i\000c\000i\000o\000n\000a\000l\000e\000s}{}% 1
\BOOKMARK [1][-]{section.1.1}{\376\377\000T\000y\000p\000e\000s}{chapter.1}% 2
\BOOKMARK [1][-]{section.1.2}{\376\377\000F\000u\000n\000c\000t\000i\000o\000n\000s}{chapter.1}% 3
\BOOKMARK [2][-]{subsection.1.2.1}{\376\377\000P\000a\000r\000s\000e\000r\000s}{section.1.2}% 4
\BOOKMARK [2][-]{subsection.1.2.2}{\376\377\000U\000t\000i\000l\000i\000t\000i\000e\000s}{section.1.2}% 5
\BOOKMARK [2][-]{subsection.1.2.3}{\376\377\000O\000p\000e\000r\000a\000t\000i\000o\000n\000s\000\040\000o\000n\000\040\000F\000o\000r\000m\000u\000l\000a\000s}{section.1.2}% 6
\BOOKMARK [2][-]{subsection.1.2.4}{\376\377\000I\000O}{section.1.2}% 7
\BOOKMARK [0][-]{chapter.2}{\376\377\000I\000n\000t\000e\000r\000p\000r\000e\000t\000e}{}% 8
\BOOKMARK [1][-]{section.2.1}{\376\377\000D\000A\000T\000A\000\040\000T\000Y\000P\000E\000S}{chapter.2}% 9
\BOOKMARK [1][-]{section.2.2}{\376\377\000S\000T\000A\000C\000K\000\040\000O\000P\000E\000R\000A\000T\000I\000O\000N\000S}{chapter.2}% 10
\BOOKMARK [1][-]{section.2.3}{\376\377\000I\000N\000S\000T\000R\000U\000C\000T\000I\000O\000N\000\040\000O\000P\000E\000R\000A\000T\000I\000O\000N\000S}{chapter.2}% 11
\BOOKMARK [1][-]{section.2.4}{\376\377\000E\000X\000E\000C\000U\000T\000I\000O\000N}{chapter.2}% 12
\BOOKMARK [1][-]{section.2.5}{\376\377\000I\000O\000\040\000E\000X\000E\000C\000U\000T\000I\000O\000N}{chapter.2}% 13
\BOOKMARK [1][-]{section.2.6}{\376\377\000E\000X\000A\000M\000P\000L\000E\000S}{chapter.2}% 14
\BOOKMARK [1][-]{section.2.7}{\376\377\000E\000X\000E\000C\000U\000T\000I\000O\000N\000\040\000M\000O\000D\000E\000S}{chapter.2}% 15
\BOOKMARK [1][-]{section.2.8}{\376\377\000U\000T\000I\000L\000I\000T\000I\000E\000S}{chapter.2}% 16
\BOOKMARK [0][-]{chapter.3}{\376\377\000L\000a\000b\000o\0001}{}% 17
\BOOKMARK [1][-]{section.3.1}{\376\377\000E\000J\000E\000R\000C\000I\000C\000I\000O\000\040\0001}{chapter.3}% 18
\BOOKMARK [2][-]{subsection.3.1.1}{\376\377\000A\000\051}{section.3.1}% 19
\BOOKMARK [2][-]{subsection.3.1.2}{\376\377\000B\000\051}{section.3.1}% 20
\BOOKMARK [1][-]{section.3.2}{\376\377\000E\000J\000E\000R\000C\000I\000C\000I\000O\000\040\0002}{chapter.3}% 21
\BOOKMARK [2][-]{subsection.3.2.1}{\376\377\000A\000\051}{section.3.2}% 22
\BOOKMARK [2][-]{subsection.3.2.2}{\376\377\000B\000\051}{section.3.2}% 23
\BOOKMARK [1][-]{section.3.3}{\376\377\000E\000J\000E\000R\000C\000I\000C\000I\000O\000\040\0003}{chapter.3}% 24
\BOOKMARK [1][-]{section.3.4}{\376\377\000E\000J\000E\000R\000C\000I\000C\000I\000O\000\040\0004}{chapter.3}% 25
\BOOKMARK [1][-]{section.3.5}{\376\377\000E\000J\000E\000R\000C\000I\000C\000I\000O\000\040\0005}{chapter.3}% 26
\BOOKMARK [0][-]{chapter.4}{\376\377\000L\000a\000b\000o\0002}{}% 27
\BOOKMARK [1][-]{section.4.1}{\376\377\000E\000J\000E\000R\000C\000I\000C\000I\000O\000\040\0001}{chapter.4}% 28
\BOOKMARK [2][-]{subsection.4.1.1}{\376\377\000A\000\051}{section.4.1}% 29
\BOOKMARK [2][-]{subsection.4.1.2}{\376\377\000B\000\051}{section.4.1}% 30
\BOOKMARK [2][-]{subsection.4.1.3}{\376\377\000C\000\051}{section.4.1}% 31
\BOOKMARK [2][-]{subsection.4.1.4}{\376\377\000D\000\051}{section.4.1}% 32
\BOOKMARK [2][-]{subsection.4.1.5}{\376\377\000E\000\051}{section.4.1}% 33
\BOOKMARK [1][-]{section.4.2}{\376\377\000E\000J\000E\000R\000C\000I\000C\000I\000O\000\040\0002}{chapter.4}% 34
\BOOKMARK [2][-]{subsection.4.2.1}{\376\377\000A\000\051}{section.4.2}% 35
\BOOKMARK [2][-]{subsection.4.2.2}{\376\377\000B\000\051}{section.4.2}% 36
\BOOKMARK [2][-]{subsection.4.2.3}{\376\377\000C\000\051}{section.4.2}% 37
\BOOKMARK [2][-]{subsection.4.2.4}{\376\377\000D\000\051}{section.4.2}% 38
\BOOKMARK [1][-]{section.4.3}{\376\377\000E\000J\000E\000R\000C\000I\000C\000I\000O\000\040\0003}{chapter.4}% 39
\BOOKMARK [2][-]{subsection.4.3.1}{\376\377\000A\000\051}{section.4.3}% 40
\BOOKMARK [2][-]{subsection.4.3.2}{\376\377\000B\000\051}{section.4.3}% 41
\BOOKMARK [2][-]{subsection.4.3.3}{\376\377\000C\000\051}{section.4.3}% 42
\BOOKMARK [0][-]{chapter.5}{\376\377\000L\000a\000b\000o\0002\0002\0000\0002\0002}{}% 43
\BOOKMARK [1][-]{section.5.1}{\376\377\000E\000J\000E\000R\000C\000I\000C\000I\000O\000\040\0001}{chapter.5}% 44
\BOOKMARK [2][-]{subsection.5.1.1}{\376\377\000A\000\051}{section.5.1}% 45
\BOOKMARK [2][-]{subsection.5.1.2}{\376\377\000B\000\051}{section.5.1}% 46
\BOOKMARK [2][-]{subsection.5.1.3}{\376\377\000C\000\051}{section.5.1}% 47
\BOOKMARK [2][-]{subsection.5.1.4}{\376\377\000D\000\051}{section.5.1}% 48
\BOOKMARK [2][-]{subsection.5.1.5}{\376\377\000E\000\051}{section.5.1}% 49
\BOOKMARK [1][-]{section.5.2}{\376\377\000E\000J\000E\000R\000C\000I\000C\000I\000O\000\040\0002}{chapter.5}% 50
\BOOKMARK [2][-]{subsection.5.2.1}{\376\377\000A\000\051}{section.5.2}% 51
\BOOKMARK [2][-]{subsection.5.2.2}{\376\377\000B\000\051}{section.5.2}% 52
\BOOKMARK [2][-]{subsection.5.2.3}{\376\377\000C\000\051}{section.5.2}% 53
\BOOKMARK [2][-]{subsection.5.2.4}{\376\377\000D\000\051}{section.5.2}% 54
\BOOKMARK [2][-]{subsection.5.2.5}{\376\377\000E\000\051}{section.5.2}% 55
\BOOKMARK [1][-]{section.5.3}{\376\377\000E\000J\000E\000R\000C\000I\000C\000I\000O\000\040\0003}{chapter.5}% 56
\BOOKMARK [2][-]{subsection.5.3.1}{\376\377\000A\000\051}{section.5.3}% 57
\BOOKMARK [2][-]{subsection.5.3.2}{\376\377\000B\000\051}{section.5.3}% 58
\BOOKMARK [2][-]{subsection.5.3.3}{\376\377\000C\000\051}{section.5.3}% 59
\BOOKMARK [2][-]{subsection.5.3.4}{\376\377\000D\000\051}{section.5.3}% 60
\BOOKMARK [2][-]{subsection.5.3.5}{\376\377\000E\000\051}{section.5.3}% 61
\BOOKMARK [0][-]{chapter.6}{\376\377\000L\000a\000b\000o\0003}{}% 62
\BOOKMARK [1][-]{section.6.1}{\376\377\000E\000J\000E\000R\000C\000I\000C\000I\000O\000\040\0001}{chapter.6}% 63
\BOOKMARK [2][-]{subsection.6.1.1}{\376\377\000A\000\051}{section.6.1}% 64
\BOOKMARK [2][-]{subsection.6.1.2}{\376\377\000B\000\051}{section.6.1}% 65
\BOOKMARK [2][-]{subsection.6.1.3}{\376\377\000C\000\051}{section.6.1}% 66
\BOOKMARK [2][-]{subsection.6.1.4}{\376\377\000D\000\051}{section.6.1}% 67
\BOOKMARK [2][-]{subsection.6.1.5}{\376\377\000E\000\051}{section.6.1}% 68
\BOOKMARK [2][-]{subsection.6.1.6}{\376\377\000F\000\051}{section.6.1}% 69
\BOOKMARK [2][-]{subsection.6.1.7}{\376\377\000G\000\051}{section.6.1}% 70
\BOOKMARK [1][-]{section.6.2}{\376\377\000E\000J\000E\000R\000C\000I\000C\000I\000O\000\040\0002}{chapter.6}% 71
\BOOKMARK [1][-]{section.6.3}{\376\377\000E\000J\000E\000R\000C\000I\000C\000I\000O\000\040\0003}{chapter.6}% 72
\BOOKMARK [1][-]{section.6.4}{\376\377\000E\000J\000E\000R\000C\000I\000C\000I\000O\000\040\0004}{chapter.6}% 73
\BOOKMARK [2][-]{subsection.6.4.1}{\376\377\000A\000\051}{section.6.4}% 74
\BOOKMARK [2][-]{subsection.6.4.2}{\376\377\000B\000\051}{section.6.4}% 75
\BOOKMARK [2][-]{subsection.6.4.3}{\376\377\000C\000\051}{section.6.4}% 76
\BOOKMARK [2][-]{subsection.6.4.4}{\376\377\000D\000\051}{section.6.4}% 77
\BOOKMARK [0][-]{chapter.7}{\376\377\000L\000a\000b\000o\0003\0002\0000\0002\0002}{}% 78
\BOOKMARK [1][-]{section.7.1}{\376\377\000E\000J\000E\000R\000C\000I\000C\000I\000O\000\040\0001}{chapter.7}% 79
\BOOKMARK [2][-]{subsection.7.1.1}{\376\377\000A\000\051}{section.7.1}% 80
\BOOKMARK [2][-]{subsection.7.1.2}{\376\377\000B\000\051}{section.7.1}% 81
\BOOKMARK [2][-]{subsection.7.1.3}{\376\377\000C\000\051}{section.7.1}% 82
\BOOKMARK [2][-]{subsection.7.1.4}{\376\377\000D\000\051}{section.7.1}% 83
\BOOKMARK [2][-]{subsection.7.1.5}{\376\377\000E\000\051}{section.7.1}% 84
\BOOKMARK [2][-]{subsection.7.1.6}{\376\377\000F\000\051}{section.7.1}% 85
\BOOKMARK [1][-]{section.7.2}{\376\377\000E\000J\000E\000R\000C\000I\000C\000I\000O\000\040\0002}{chapter.7}% 86
\BOOKMARK [1][-]{section.7.3}{\376\377\000E\000J\000E\000R\000C\000I\000C\000I\000O\000\040\0003}{chapter.7}% 87
\BOOKMARK [1][-]{section.7.4}{\376\377\000E\000J\000E\000R\000C\000I\000C\000I\000O\000\040\0004}{chapter.7}% 88
\BOOKMARK [1][-]{section.7.5}{\376\377\000E\000J\000E\000R\000C\000I\000C\000I\000O\000\040\0005}{chapter.7}% 89
\BOOKMARK [1][-]{section.7.6}{\376\377\000E\000J\000E\000R\000C\000I\000C\000I\000O\000\040\0006}{chapter.7}% 90
\BOOKMARK [0][-]{chapter.8}{\376\377\000L\000a\000b\000o\0004}{}% 91
\BOOKMARK [1][-]{section.8.1}{\376\377\000E\000J\000E\000R\000C\000I\000C\000I\000O\000\040\0001}{chapter.8}% 92
\BOOKMARK [2][-]{subsection.8.1.1}{\376\377\000A\000\051}{section.8.1}% 93
\BOOKMARK [2][-]{subsection.8.1.2}{\376\377\000B\000\051}{section.8.1}% 94
\BOOKMARK [2][-]{subsection.8.1.3}{\376\377\000C\000\051}{section.8.1}% 95
\BOOKMARK [1][-]{section.8.2}{\376\377\000E\000J\000E\000R\000C\000I\000C\000I\000O\000\040\0002}{chapter.8}% 96
\BOOKMARK [2][-]{subsection.8.2.1}{\376\377\000A\000\051}{section.8.2}% 97
\BOOKMARK [2][-]{subsection.8.2.2}{\376\377\000B\000\051}{section.8.2}% 98
\BOOKMARK [2][-]{subsection.8.2.3}{\376\377\000C\000\051}{section.8.2}% 99
\BOOKMARK [1][-]{section.8.3}{\376\377\000E\000J\000E\000R\000C\000I\000C\000I\000O\000\040\0003}{chapter.8}% 100
\BOOKMARK [1][-]{section.8.4}{\376\377\000E\000J\000E\000R\000C\000I\000C\000I\000O\000\040\0004}{chapter.8}% 101
\BOOKMARK [0][-]{chapter.9}{\376\377\000L\000a\000b\000o\0005}{}% 102
\BOOKMARK [1][-]{section.9.1}{\376\377\000E\000J\000E\000R\000C\000I\000C\000I\000O\000\040\0001}{chapter.9}% 103
\BOOKMARK [1][-]{section.9.2}{\376\377\000E\000J\000E\000R\000C\000I\000C\000I\000O\000\040\0002}{chapter.9}% 104
\BOOKMARK [2][-]{subsection.9.2.1}{\376\377\000A\000\051}{section.9.2}% 105
\BOOKMARK [2][-]{subsection.9.2.2}{\376\377\000B\000\051}{section.9.2}% 106
\BOOKMARK [1][-]{section.9.3}{\376\377\000E\000J\000E\000R\000C\000I\000C\000I\000O\000\040\0003}{chapter.9}% 107
\BOOKMARK [0][-]{chapter.10}{\376\377\000L\000o\000t\000e\0001}{}% 108
\BOOKMARK [1][-]{section.10.1}{\376\377\000E\000J\000E\000R\000C\000I\000C\000I\000O\000\040\0001}{chapter.10}% 109
\BOOKMARK [2][-]{subsection.10.1.1}{\376\377\000A\000\051}{section.10.1}% 110
\BOOKMARK [2][-]{subsection.10.1.2}{\376\377\000B\000\051}{section.10.1}% 111
\BOOKMARK [2][-]{subsection.10.1.3}{\376\377\000C\000\051}{section.10.1}% 112
\BOOKMARK [2][-]{subsection.10.1.4}{\376\377\000D\000\051}{section.10.1}% 113
\BOOKMARK [1][-]{section.10.2}{\376\377\000E\000J\000E\000R\000C\000I\000C\000I\000O\000\040\0002}{chapter.10}% 114
\BOOKMARK [1][-]{section.10.3}{\376\377\000E\000J\000E\000R\000C\000I\000C\000I\000O\000\040\0003}{chapter.10}% 115
\BOOKMARK [2][-]{subsection.10.3.1}{\376\377\000A\000\051}{section.10.3}% 116
\BOOKMARK [2][-]{subsection.10.3.2}{\376\377\000B\000\051}{section.10.3}% 117
\BOOKMARK [2][-]{subsection.10.3.3}{\376\377\000C\000\051}{section.10.3}% 118
\BOOKMARK [2][-]{subsection.10.3.4}{\376\377\000D\000\051}{section.10.3}% 119
\BOOKMARK [2][-]{subsection.10.3.5}{\376\377\000E\000\051}{section.10.3}% 120
\BOOKMARK [1][-]{section.10.4}{\376\377\000E\000J\000E\000R\000C\000I\000C\000I\000O\000\040\0004}{chapter.10}% 121
\BOOKMARK [1][-]{section.10.5}{\376\377\000E\000J\000E\000R\000C\000I\000C\000I\000O\000\040\0005}{chapter.10}% 122
\BOOKMARK [1][-]{section.10.6}{\376\377\000E\000J\000E\000R\000C\000I\000C\000I\000O\000\040\0006}{chapter.10}% 123
\BOOKMARK [1][-]{section.10.7}{\376\377\000E\000J\000E\000R\000C\000I\000C\000I\000O\000\040\0008}{chapter.10}% 124
\BOOKMARK [1][-]{section.10.8}{\376\377\000E\000J\000E\000R\000C\000I\000C\000I\000O\000\040\0009}{chapter.10}% 125
\BOOKMARK [1][-]{section.10.9}{\376\377\000E\000J\000E\000R\000C\000I\000C\000I\000O\000\040\0001\0000}{chapter.10}% 126
\BOOKMARK [1][-]{section.10.10}{\376\377\000E\000J\000E\000R\000C\000I\000C\000I\000O\000\040\0001\0001}{chapter.10}% 127
\BOOKMARK [2][-]{subsection.10.10.1}{\376\377\000A\000\051}{section.10.10}% 128
\BOOKMARK [2][-]{subsection.10.10.2}{\376\377\000B\000\051}{section.10.10}% 129
\BOOKMARK [0][-]{chapter.11}{\376\377\000T\000r\000a\000d\000u\000c\000t\000o\000r}{}% 130
\BOOKMARK [1][-]{section.11.1}{\376\377\000T\000y\000p\000e\000s}{chapter.11}% 131
\BOOKMARK [1][-]{section.11.2}{\376\377\000F\000u\000n\000c\000t\000i\000o\000n\000s}{chapter.11}% 132
\BOOKMARK [2][-]{subsection.11.2.1}{\376\377\000G\000e\000n\000e\000r\000a\000t\000o\000r\000s}{section.11.2}% 133
\BOOKMARK [2][-]{subsection.11.2.2}{\376\377\000T\000r\000e\000e\000\040\000a\000n\000d\000\040\000L\000i\000s\000t\000\040\000m\000a\000n\000i\000p\000u\000l\000a\000t\000o\000r\000s}{section.11.2}% 134
\BOOKMARK [2][-]{subsection.11.2.3}{\376\377\000U\000t\000i\000l\000i\000t\000i\000e\000s}{section.11.2}% 135
\BOOKMARK [2][-]{subsection.11.2.4}{\376\377\000I\000O}{section.11.2}% 136
